# JRE version: OpenJDK Runtime Environment (8.0_242-b01) (build 1.8.0_242-release-1644-b01)
# Java VM: OpenJDK 64-Bit Server VM (25.242-b01 mixed mode windows-amd64 compressed oops)
Heap:
 PSYoungGen      total 608768K, used 250293K [0x00000000d5580000, 0x00000000fed00000, 0x0000000100000000)
  eden space 561152K, 40% used [0x00000000d5580000,0x00000000e362b698,0x00000000f7980000)
  from space 47616K, 42% used [0x00000000f7980000,0x00000000f8d41f38,0x00000000fa800000)
  to   space 46592K, 0% used [0x00000000fbf80000,0x00000000fbf80000,0x00000000fed00000)
 ParOldGen       total 328192K, used 76023K [0x0000000080000000, 0x0000000094080000, 0x00000000d5580000)
  object space 328192K, 23% used [0x0000000080000000,0x0000000084a3dff8,0x0000000094080000)
 Metaspace       used 107648K, capacity 113280K, committed 113432K, reserved 1148928K
  class space    used 13711K, capacity 14786K, committed 14896K, reserved 1048576K
GC Heap History (10 events):
Event: 777.669 GC heap before
{Heap before GC invocations=31 (full 4):
 PSYoungGen      total 545792K, used 530352K [0x00000000d5580000, 0x00000000fa700000, 0x0000000100000000)
  eden space 500224K, 100% used [0x00000000d5580000,0x00000000f3e00000,0x00000000f3e00000)
  from space 45568K, 66% used [0x00000000f7a80000,0x00000000f97ec278,0x00000000fa700000)
  to   space 53760K, 0% used [0x00000000f3e00000,0x00000000f3e00000,0x00000000f7280000)
 ParOldGen       total 328192K, used 75983K [0x0000000080000000, 0x0000000094080000, 0x00000000d5580000)
  object space 328192K, 23% used [0x0000000080000000,0x0000000084a33ff8,0x0000000094080000)
 Metaspace       used 106559K, capacity 111632K, committed 112024K, reserved 1146880K
  class space    used 13609K, capacity 14600K, committed 14768K, reserved 1048576K
Event: 777.684 GC heap after
Heap after GC invocations=31 (full 4):
 PSYoungGen      total 553984K, used 26471K [0x00000000d5580000, 0x00000000fbf80000, 0x0000000100000000)
  eden space 500224K, 0% used [0x00000000d5580000,0x00000000d5580000,0x00000000f3e00000)
  from space 53760K, 49% used [0x00000000f3e00000,0x00000000f57d9f40,0x00000000f7280000)
  to   space 51200K, 0% used [0x00000000f8d80000,0x00000000f8d80000,0x00000000fbf80000)
 ParOldGen       total 328192K, used 75991K [0x0000000080000000, 0x0000000094080000, 0x00000000d5580000)
  object space 328192K, 23% used [0x0000000080000000,0x0000000084a35ff8,0x0000000094080000)
 Metaspace       used 106559K, capacity 111632K, committed 112024K, reserved 1146880K
  class space    used 13609K, capacity 14600K, committed 14768K, reserved 1048576K
}
Event: 780.178 GC heap before
{Heap before GC invocations=32 (full 4):
 PSYoungGen      total 553984K, used 526695K [0x00000000d5580000, 0x00000000fbf80000, 0x0000000100000000)
  eden space 500224K, 100% used [0x00000000d5580000,0x00000000f3e00000,0x00000000f3e00000)
  from space 53760K, 49% used [0x00000000f3e00000,0x00000000f57d9f40,0x00000000f7280000)
  to   space 51200K, 0% used [0x00000000f8d80000,0x00000000f8d80000,0x00000000fbf80000)
 ParOldGen       total 328192K, used 75991K [0x0000000080000000, 0x0000000094080000, 0x00000000d5580000)
  object space 328192K, 23% used [0x0000000080000000,0x0000000084a35ff8,0x0000000094080000)
 Metaspace       used 106624K, capacity 111696K, committed 112024K, reserved 1146880K
  class space    used 13615K, capacity 14610K, committed 14768K, reserved 1048576K
Event: 780.205 GC heap after
Heap after GC invocations=32 (full 4):
 PSYoungGen      total 583168K, used 29328K [0x00000000d5580000, 0x00000000fbf80000, 0x0000000100000000)
  eden space 531968K, 0% used [0x00000000d5580000,0x00000000d5580000,0x00000000f5d00000)
  from space 51200K, 57% used [0x00000000f8d80000,0x00000000faa24288,0x00000000fbf80000)
  to   space 49664K, 0% used [0x00000000f5d00000,0x00000000f5d00000,0x00000000f8d80000)
 ParOldGen       total 328192K, used 75999K [0x0000000080000000, 0x0000000094080000, 0x00000000d5580000)
  object space 328192K, 23% used [0x0000000080000000,0x0000000084a37ff8,0x0000000094080000)
 Metaspace       used 106624K, capacity 111696K, committed 112024K, reserved 1146880K
  class space    used 13615K, capacity 14610K, committed 14768K, reserved 1048576K
}
Event: 2093.603 GC heap before
{Heap before GC invocations=33 (full 4):
 PSYoungGen      total 583168K, used 561296K [0x00000000d5580000, 0x00000000fbf80000, 0x0000000100000000)
  eden space 531968K, 100% used [0x00000000d5580000,0x00000000f5d00000,0x00000000f5d00000)
  from space 51200K, 57% used [0x00000000f8d80000,0x00000000faa24288,0x00000000fbf80000)
  to   space 49664K, 0% used [0x00000000f5d00000,0x00000000f5d00000,0x00000000f8d80000)
 ParOldGen       total 328192K, used 75999K [0x0000000080000000, 0x0000000094080000, 0x00000000d5580000)
  object space 328192K, 23% used [0x0000000080000000,0x0000000084a37ff8,0x0000000094080000)
 Metaspace       used 107160K, capacity 112716K, committed 112792K, reserved 1146880K
  class space    used 13684K, capacity 14736K, committed 14768K, reserved 1048576K
Event: 2093.613 GC heap after
Heap after GC invocations=33 (full 4):
 PSYoungGen      total 581632K, used 20583K [0x00000000d5580000, 0x00000000fd780000, 0x0000000100000000)
  eden space 531968K, 0% used [0x00000000d5580000,0x00000000d5580000,0x00000000f5d00000)
  from space 49664K, 41% used [0x00000000f5d00000,0x00000000f7119ed8,0x00000000f8d80000)
  to   space 48640K, 0% used [0x00000000fa800000,0x00000000fa800000,0x00000000fd780000)
 ParOldGen       total 328192K, used 76007K [0x0000000080000000, 0x0000000094080000, 0x00000000d5580000)
  object space 328192K, 23% used [0x0000000080000000,0x0000000084a39ff8,0x0000000094080000)
 Metaspace       used 107160K, capacity 112716K, committed 112792K, reserved 1146880K
  class space    used 13684K, capacity 14736K, committed 14768K, reserved 1048576K
}
Event: 2096.482 GC heap before
{Heap before GC invocations=34 (full 4):
 PSYoungGen      total 581632K, used 552551K [0x00000000d5580000, 0x00000000fd780000, 0x0000000100000000)
  eden space 531968K, 100% used [0x00000000d5580000,0x00000000f5d00000,0x00000000f5d00000)
  from space 49664K, 41% used [0x00000000f5d00000,0x00000000f7119ed8,0x00000000f8d80000)
  to   space 48640K, 0% used [0x00000000fa800000,0x00000000fa800000,0x00000000fd780000)
 ParOldGen       total 328192K, used 76007K [0x0000000080000000, 0x0000000094080000, 0x00000000d5580000)
  object space 328192K, 23% used [0x0000000080000000,0x0000000084a39ff8,0x0000000094080000)
 Metaspace       used 107286K, capacity 112848K, committed 113048K, reserved 1146880K
  class space    used 13684K, capacity 14736K, committed 14768K, reserved 1048576K
Event: 2096.504 GC heap after
Heap after GC invocations=34 (full 4):
 PSYoungGen      total 609792K, used 29424K [0x00000000d5580000, 0x00000000fd780000, 0x0000000100000000)
  eden space 561152K, 0% used [0x00000000d5580000,0x00000000d5580000,0x00000000f7980000)
  from space 48640K, 60% used [0x00000000fa800000,0x00000000fc4bc2b8,0x00000000fd780000)
  to   space 47616K, 0% used [0x00000000f7980000,0x00000000f7980000,0x00000000fa800000)
 ParOldGen       total 328192K, used 76015K [0x0000000080000000, 0x0000000094080000, 0x00000000d5580000)
  object space 328192K, 23% used [0x0000000080000000,0x0000000084a3bff8,0x0000000094080000)
 Metaspace       used 107286K, capacity 112848K, committed 113048K, reserved 1146880K
  class space    used 13684K, capacity 14736K, committed 14768K, reserved 1048576K
}
Event: 2965.944 GC heap before
{Heap before GC invocations=35 (full 4):
 PSYoungGen      total 609792K, used 590576K [0x00000000d5580000, 0x00000000fd780000, 0x0000000100000000)
  eden space 561152K, 100% used [0x00000000d5580000,0x00000000f7980000,0x00000000f7980000)
  from space 48640K, 60% used [0x00000000fa800000,0x00000000fc4bc2b8,0x00000000fd780000)
  to   space 47616K, 0% used [0x00000000f7980000,0x00000000f7980000,0x00000000fa800000)
 ParOldGen       total 328192K, used 76015K [0x0000000080000000, 0x0000000094080000, 0x00000000d5580000)
  object space 328192K, 23% used [0x0000000080000000,0x0000000084a3bff8,0x0000000094080000)
 Metaspace       used 107406K, capacity 113052K, committed 113304K, reserved 1148928K
  class space    used 13690K, capacity 14748K, committed 14768K, reserved 1048576K
Event: 2965.955 GC heap after
Heap after GC invocations=35 (full 4):
 PSYoungGen      total 608768K, used 20231K [0x00000000d5580000, 0x00000000fed00000, 0x0000000100000000)
  eden space 561152K, 0% used [0x00000000d5580000,0x00000000d5580000,0x00000000f7980000)
  from space 47616K, 42% used [0x00000000f7980000,0x00000000f8d41f38,0x00000000fa800000)
  to   space 46592K, 0% used [0x00000000fbf80000,0x00000000fbf80000,0x00000000fed00000)
 ParOldGen       total 328192K, used 76023K [0x0000000080000000, 0x0000000094080000, 0x00000000d5580000)
  object space 328192K, 23% used [0x0000000080000000,0x0000000084a3dff8,0x0000000094080000)
 Metaspace       used 107406K, capacity 113052K, committed 113304K, reserved 1148928K
  class space    used 13690K, capacity 14748K, committed 14768K, reserved 1048576K
}

