# JRE version: OpenJDK Runtime Environment (8.0_242-b01) (build 1.8.0_242-release-1644-b01)
# Java VM: OpenJDK 64-Bit Server VM (25.242-b01 mixed mode windows-amd64 compressed oops)
Heap:
 PSYoungGen      total 245248K, used 212193K [0x00000000d5580000, 0x00000000e5b00000, 0x0000000100000000)
  eden space 222720K, 85% used [0x00000000d5580000,0x00000000e0eb9040,0x00000000e2f00000)
  from space 22528K, 99% used [0x00000000e2f00000,0x00000000e44ff570,0x00000000e4500000)
  to   space 20480K, 0% used [0x00000000e4600000,0x00000000e4600000,0x00000000e5a00000)
 ParOldGen       total 225280K, used 40749K [0x0000000080000000, 0x000000008dc00000, 0x00000000d5580000)
  object space 225280K, 18% used [0x0000000080000000,0x00000000827cb790,0x000000008dc00000)
 Metaspace       used 80014K, capacity 83784K, committed 83992K, reserved 1122304K
  class space    used 10822K, capacity 11553K, committed 11568K, reserved 1048576K
GC Heap History (10 events):
Event: 8.116 GC heap before
{Heap before GC invocations=12 (full 2):
 PSYoungGen      total 176640K, used 37110K [0x00000000d5580000, 0x00000000e2e00000, 0x0000000100000000)
  eden space 163840K, 14% used [0x00000000d5580000,0x00000000d6d3e6f8,0x00000000df580000)
  from space 12800K, 99% used [0x00000000df580000,0x00000000e01ff300,0x00000000e0200000)
  to   space 18432K, 0% used [0x00000000e1c00000,0x00000000e1c00000,0x00000000e2e00000)
 ParOldGen       total 156672K, used 26648K [0x0000000080000000, 0x0000000089900000, 0x00000000d5580000)
  object space 156672K, 17% used [0x0000000080000000,0x0000000081a062a8,0x0000000089900000)
 Metaspace       used 56984K, capacity 59088K, committed 59160K, reserved 1099776K
  class space    used 7699K, capacity 8169K, committed 8240K, reserved 1048576K
Event: 8.126 GC heap after
Heap after GC invocations=12 (full 2):
 PSYoungGen      total 202240K, used 15687K [0x00000000d5580000, 0x00000000e5080000, 0x0000000100000000)
  eden space 183808K, 0% used [0x00000000d5580000,0x00000000d5580000,0x00000000e0900000)
  from space 18432K, 85% used [0x00000000e1c00000,0x00000000e2b51fd0,0x00000000e2e00000)
  to   space 19456K, 0% used [0x00000000e0900000,0x00000000e0900000,0x00000000e1c00000)
 ParOldGen       total 156672K, used 26656K [0x0000000080000000, 0x0000000089900000, 0x00000000d5580000)
  object space 156672K, 17% used [0x0000000080000000,0x0000000081a082a8,0x0000000089900000)
 Metaspace       used 56984K, capacity 59088K, committed 59160K, reserved 1099776K
  class space    used 7699K, capacity 8169K, committed 8240K, reserved 1048576K
}
Event: 8.126 GC heap before
{Heap before GC invocations=13 (full 3):
 PSYoungGen      total 202240K, used 15687K [0x00000000d5580000, 0x00000000e5080000, 0x0000000100000000)
  eden space 183808K, 0% used [0x00000000d5580000,0x00000000d5580000,0x00000000e0900000)
  from space 18432K, 85% used [0x00000000e1c00000,0x00000000e2b51fd0,0x00000000e2e00000)
  to   space 19456K, 0% used [0x00000000e0900000,0x00000000e0900000,0x00000000e1c00000)
 ParOldGen       total 156672K, used 26656K [0x0000000080000000, 0x0000000089900000, 0x00000000d5580000)
  object space 156672K, 17% used [0x0000000080000000,0x0000000081a082a8,0x0000000089900000)
 Metaspace       used 56984K, capacity 59088K, committed 59160K, reserved 1099776K
  class space    used 7699K, capacity 8169K, committed 8240K, reserved 1048576K
Event: 8.292 GC heap after
Heap after GC invocations=13 (full 3):
 PSYoungGen      total 202240K, used 0K [0x00000000d5580000, 0x00000000e5080000, 0x0000000100000000)
  eden space 183808K, 0% used [0x00000000d5580000,0x00000000d5580000,0x00000000e0900000)
  from space 18432K, 0% used [0x00000000e1c00000,0x00000000e1c00000,0x00000000e2e00000)
  to   space 19456K, 0% used [0x00000000e0900000,0x00000000e0900000,0x00000000e1c00000)
 ParOldGen       total 225280K, used 30580K [0x0000000080000000, 0x000000008dc00000, 0x00000000d5580000)
  object space 225280K, 13% used [0x0000000080000000,0x0000000081ddd390,0x000000008dc00000)
 Metaspace       used 56963K, capacity 59016K, committed 59160K, reserved 1099776K
  class space    used 7693K, capacity 8157K, committed 8240K, reserved 1048576K
}
Event: 9.724 GC heap before
{Heap before GC invocations=14 (full 3):
 PSYoungGen      total 202240K, used 183808K [0x00000000d5580000, 0x00000000e5080000, 0x0000000100000000)
  eden space 183808K, 100% used [0x00000000d5580000,0x00000000e0900000,0x00000000e0900000)
  from space 18432K, 0% used [0x00000000e1c00000,0x00000000e1c00000,0x00000000e2e00000)
  to   space 19456K, 0% used [0x00000000e0900000,0x00000000e0900000,0x00000000e1c00000)
 ParOldGen       total 225280K, used 30580K [0x0000000080000000, 0x000000008dc00000, 0x00000000d5580000)
  object space 225280K, 13% used [0x0000000080000000,0x0000000081ddd390,0x000000008dc00000)
 Metaspace       used 63757K, capacity 66898K, committed 67096K, reserved 1107968K
  class space    used 8751K, capacity 9406K, committed 9520K, reserved 1048576K
Event: 9.737 GC heap after
Heap after GC invocations=14 (full 3):
 PSYoungGen      total 203264K, used 16249K [0x00000000d5580000, 0x00000000e5a00000, 0x0000000100000000)
  eden space 183808K, 0% used [0x00000000d5580000,0x00000000d5580000,0x00000000e0900000)
  from space 19456K, 83% used [0x00000000e0900000,0x00000000e18de7b8,0x00000000e1c00000)
  to   space 20480K, 0% used [0x00000000e4600000,0x00000000e4600000,0x00000000e5a00000)
 ParOldGen       total 225280K, used 30588K [0x0000000080000000, 0x000000008dc00000, 0x00000000d5580000)
  object space 225280K, 13% used [0x0000000080000000,0x0000000081ddf390,0x000000008dc00000)
 Metaspace       used 63757K, capacity 66898K, committed 67096K, reserved 1107968K
  class space    used 8751K, capacity 9406K, committed 9520K, reserved 1048576K
}
Event: 11.581 GC heap before
{Heap before GC invocations=15 (full 3):
 PSYoungGen      total 203264K, used 200053K [0x00000000d5580000, 0x00000000e5a00000, 0x0000000100000000)
  eden space 183808K, 99% used [0x00000000d5580000,0x00000000e08fee78,0x00000000e0900000)
  from space 19456K, 83% used [0x00000000e0900000,0x00000000e18de7b8,0x00000000e1c00000)
  to   space 20480K, 0% used [0x00000000e4600000,0x00000000e4600000,0x00000000e5a00000)
 ParOldGen       total 225280K, used 30588K [0x0000000080000000, 0x000000008dc00000, 0x00000000d5580000)
  object space 225280K, 13% used [0x0000000080000000,0x0000000081ddf390,0x000000008dc00000)
 Metaspace       used 67598K, capacity 70968K, committed 71192K, reserved 1110016K
  class space    used 9247K, capacity 9915K, committed 10032K, reserved 1048576K
Event: 11.600 GC heap after
Heap after GC invocations=15 (full 3):
 PSYoungGen      total 243200K, used 19919K [0x00000000d5580000, 0x00000000e5b00000, 0x0000000100000000)
  eden space 222720K, 0% used [0x00000000d5580000,0x00000000d5580000,0x00000000e2f00000)
  from space 20480K, 97% used [0x00000000e4600000,0x00000000e5973c30,0x00000000e5a00000)
  to   space 22528K, 0% used [0x00000000e2f00000,0x00000000e2f00000,0x00000000e4500000)
 ParOldGen       total 225280K, used 30596K [0x0000000080000000, 0x000000008dc00000, 0x00000000d5580000)
  object space 225280K, 13% used [0x0000000080000000,0x0000000081de1390,0x000000008dc00000)
 Metaspace       used 67598K, capacity 70968K, committed 71192K, reserved 1110016K
  class space    used 9247K, capacity 9915K, committed 10032K, reserved 1048576K
}
Event: 20.928 GC heap before
{Heap before GC invocations=16 (full 3):
 PSYoungGen      total 243200K, used 242639K [0x00000000d5580000, 0x00000000e5b00000, 0x0000000100000000)
  eden space 222720K, 100% used [0x00000000d5580000,0x00000000e2f00000,0x00000000e2f00000)
  from space 20480K, 97% used [0x00000000e4600000,0x00000000e5973c30,0x00000000e5a00000)
  to   space 22528K, 0% used [0x00000000e2f00000,0x00000000e2f00000,0x00000000e4500000)
 ParOldGen       total 225280K, used 30596K [0x0000000080000000, 0x000000008dc00000, 0x00000000d5580000)
  object space 225280K, 13% used [0x0000000080000000,0x0000000081de1390,0x000000008dc00000)
 Metaspace       used 75293K, capacity 78942K, committed 79000K, reserved 1118208K
  class space    used 10220K, capacity 10887K, committed 10928K, reserved 1048576K
Event: 20.958 GC heap after
Heap after GC invocations=16 (full 3):
 PSYoungGen      total 245248K, used 22525K [0x00000000d5580000, 0x00000000e5b00000, 0x0000000100000000)
  eden space 222720K, 0% used [0x00000000d5580000,0x00000000d5580000,0x00000000e2f00000)
  from space 22528K, 99% used [0x00000000e2f00000,0x00000000e44ff570,0x00000000e4500000)
  to   space 20480K, 0% used [0x00000000e4600000,0x00000000e4600000,0x00000000e5a00000)
 ParOldGen       total 225280K, used 40749K [0x0000000080000000, 0x000000008dc00000, 0x00000000d5580000)
  object space 225280K, 18% used [0x0000000080000000,0x00000000827cb790,0x000000008dc00000)
 Metaspace       used 75293K, capacity 78942K, committed 79000K, reserved 1118208K
  class space    used 10220K, capacity 10887K, committed 10928K, reserved 1048576K
}

