# JRE version: OpenJDK Runtime Environment (8.0_242-b01) (build 1.8.0_242-release-1644-b01)
# Java VM: OpenJDK 64-Bit Server VM (25.242-b01 mixed mode windows-amd64 compressed oops)
Heap:
 PSYoungGen      total 570880K, used 137511K [0x00000000d5580000, 0x0000000100000000, 0x0000000100000000)
  eden space 465920K, 12% used [0x00000000d5580000,0x00000000d90a1a88,0x00000000f1c80000)
  from space 104960K, 73% used [0x00000000f1c80000,0x00000000f67a8268,0x00000000f8300000)
  to   space 110592K, 0% used [0x00000000f9400000,0x00000000f9400000,0x0000000100000000)
 ParOldGen       total 377344K, used 106024K [0x0000000080000000, 0x0000000097080000, 0x00000000d5580000)
  object space 377344K, 28% used [0x0000000080000000,0x000000008678a3d0,0x0000000097080000)
 Metaspace       used 109012K, capacity 114476K, committed 114712K, reserved 1148928K
  class space    used 13924K, capacity 15058K, committed 15152K, reserved 1048576K
GC Heap History (10 events):
Event: 151.311 GC heap before
{Heap before GC invocations=29 (full 4):
 PSYoungGen      total 502272K, used 58745K [0x00000000d5580000, 0x00000000fc000000, 0x0000000100000000)
  eden space 412672K, 0% used [0x00000000d5580000,0x00000000d5580000,0x00000000ee880000)
  from space 89600K, 65% used [0x00000000ee880000,0x00000000f21de6a8,0x00000000f4000000)
  to   space 91648K, 0% used [0x00000000f6680000,0x00000000f6680000,0x00000000fc000000)
 ParOldGen       total 226304K, used 181921K [0x0000000080000000, 0x000000008dd00000, 0x00000000d5580000)
  object space 226304K, 80% used [0x0000000080000000,0x000000008b1a8670,0x000000008dd00000)
 Metaspace       used 94360K, capacity 98488K, committed 98584K, reserved 1134592K
  class space    used 11976K, capacity 12772K, committed 12848K, reserved 1048576K
Event: 151.486 GC heap after
Heap after GC invocations=29 (full 4):
 PSYoungGen      total 502272K, used 0K [0x00000000d5580000, 0x00000000fc000000, 0x0000000100000000)
  eden space 412672K, 0% used [0x00000000d5580000,0x00000000d5580000,0x00000000ee880000)
  from space 89600K, 0% used [0x00000000ee880000,0x00000000ee880000,0x00000000f4000000)
  to   space 91648K, 0% used [0x00000000f6680000,0x00000000f6680000,0x00000000fc000000)
 ParOldGen       total 377344K, used 84627K [0x0000000080000000, 0x0000000097080000, 0x00000000d5580000)
  object space 377344K, 22% used [0x0000000080000000,0x00000000852a4c68,0x0000000097080000)
 Metaspace       used 94040K, capacity 97558K, committed 98584K, reserved 1134592K
  class space    used 11873K, capacity 12591K, committed 12848K, reserved 1048576K
}
Event: 155.893 GC heap before
{Heap before GC invocations=30 (full 4):
 PSYoungGen      total 502272K, used 412672K [0x00000000d5580000, 0x00000000fc000000, 0x0000000100000000)
  eden space 412672K, 100% used [0x00000000d5580000,0x00000000ee880000,0x00000000ee880000)
  from space 89600K, 0% used [0x00000000ee880000,0x00000000ee880000,0x00000000f4000000)
  to   space 91648K, 0% used [0x00000000f6680000,0x00000000f6680000,0x00000000fc000000)
 ParOldGen       total 377344K, used 84627K [0x0000000080000000, 0x0000000097080000, 0x00000000d5580000)
  object space 377344K, 22% used [0x0000000080000000,0x00000000852a4c68,0x0000000097080000)
 Metaspace       used 94711K, capacity 98310K, committed 99352K, reserved 1136640K
  class space    used 11922K, capacity 12637K, committed 12848K, reserved 1048576K
Event: 155.909 GC heap after
Heap after GC invocations=30 (full 4):
 PSYoungGen      total 540672K, used 22716K [0x00000000d5580000, 0x00000000fbe00000, 0x0000000100000000)
  eden space 451072K, 0% used [0x00000000d5580000,0x00000000d5580000,0x00000000f0e00000)
  from space 89600K, 25% used [0x00000000f6680000,0x00000000f7caf0f8,0x00000000fbe00000)
  to   space 90112K, 0% used [0x00000000f0e00000,0x00000000f0e00000,0x00000000f6600000)
 ParOldGen       total 377344K, used 84635K [0x0000000080000000, 0x0000000097080000, 0x00000000d5580000)
  object space 377344K, 22% used [0x0000000080000000,0x00000000852a6c68,0x0000000097080000)
 Metaspace       used 94711K, capacity 98310K, committed 99352K, reserved 1136640K
  class space    used 11922K, capacity 12637K, committed 12848K, reserved 1048576K
}
Event: 195.034 GC heap before
{Heap before GC invocations=31 (full 4):
 PSYoungGen      total 540672K, used 473788K [0x00000000d5580000, 0x00000000fbe00000, 0x0000000100000000)
  eden space 451072K, 100% used [0x00000000d5580000,0x00000000f0e00000,0x00000000f0e00000)
  from space 89600K, 25% used [0x00000000f6680000,0x00000000f7caf0f8,0x00000000fbe00000)
  to   space 90112K, 0% used [0x00000000f0e00000,0x00000000f0e00000,0x00000000f6600000)
 ParOldGen       total 377344K, used 84635K [0x0000000080000000, 0x0000000097080000, 0x00000000d5580000)
  object space 377344K, 22% used [0x0000000080000000,0x00000000852a6c68,0x0000000097080000)
 Metaspace       used 95810K, capacity 99596K, committed 100504K, reserved 1136640K
  class space    used 12042K, capacity 12800K, committed 12976K, reserved 1048576K
Event: 195.061 GC heap after
Heap after GC invocations=31 (full 4):
 PSYoungGen      total 541184K, used 39793K [0x00000000d5580000, 0x00000000fd600000, 0x0000000100000000)
  eden space 451072K, 0% used [0x00000000d5580000,0x00000000d5580000,0x00000000f0e00000)
  from space 90112K, 44% used [0x00000000f0e00000,0x00000000f34dc4a0,0x00000000f6600000)
  to   space 84992K, 0% used [0x00000000f8300000,0x00000000f8300000,0x00000000fd600000)
 ParOldGen       total 377344K, used 84643K [0x0000000080000000, 0x0000000097080000, 0x00000000d5580000)
  object space 377344K, 22% used [0x0000000080000000,0x00000000852a8c68,0x0000000097080000)
 Metaspace       used 95810K, capacity 99596K, committed 100504K, reserved 1136640K
  class space    used 12042K, capacity 12800K, committed 12976K, reserved 1048576K
}
Event: 196.607 GC heap before
{Heap before GC invocations=32 (full 4):
 PSYoungGen      total 541184K, used 490865K [0x00000000d5580000, 0x00000000fd600000, 0x0000000100000000)
  eden space 451072K, 100% used [0x00000000d5580000,0x00000000f0e00000,0x00000000f0e00000)
  from space 90112K, 44% used [0x00000000f0e00000,0x00000000f34dc4a0,0x00000000f6600000)
  to   space 84992K, 0% used [0x00000000f8300000,0x00000000f8300000,0x00000000fd600000)
 ParOldGen       total 377344K, used 84643K [0x0000000080000000, 0x0000000097080000, 0x00000000d5580000)
  object space 377344K, 22% used [0x0000000080000000,0x00000000852a8c68,0x0000000097080000)
 Metaspace       used 99376K, capacity 103154K, committed 103960K, reserved 1140736K
  class space    used 12404K, capacity 13171K, committed 13360K, reserved 1048576K
Event: 196.695 GC heap after
Heap after GC invocations=32 (full 4):
 PSYoungGen      total 550912K, used 84978K [0x00000000d5580000, 0x0000000100000000, 0x0000000100000000)
  eden space 465920K, 0% used [0x00000000d5580000,0x00000000d5580000,0x00000000f1c80000)
  from space 84992K, 99% used [0x00000000f8300000,0x00000000fd5fc9c0,0x00000000fd600000)
  to   space 104960K, 0% used [0x00000000f1c80000,0x00000000f1c80000,0x00000000f8300000)
 ParOldGen       total 377344K, used 106016K [0x0000000080000000, 0x0000000097080000, 0x00000000d5580000)
  object space 377344K, 28% used [0x0000000080000000,0x00000000867883d0,0x0000000097080000)
 Metaspace       used 99376K, capacity 103154K, committed 103960K, reserved 1140736K
  class space    used 12404K, capacity 13171K, committed 13360K, reserved 1048576K
}
Event: 198.267 GC heap before
{Heap before GC invocations=33 (full 4):
 PSYoungGen      total 550912K, used 550898K [0x00000000d5580000, 0x0000000100000000, 0x0000000100000000)
  eden space 465920K, 100% used [0x00000000d5580000,0x00000000f1c80000,0x00000000f1c80000)
  from space 84992K, 99% used [0x00000000f8300000,0x00000000fd5fc9c0,0x00000000fd600000)
  to   space 104960K, 0% used [0x00000000f1c80000,0x00000000f1c80000,0x00000000f8300000)
 ParOldGen       total 377344K, used 106016K [0x0000000080000000, 0x0000000097080000, 0x00000000d5580000)
  object space 377344K, 28% used [0x0000000080000000,0x00000000867883d0,0x0000000097080000)
 Metaspace       used 107867K, capacity 112888K, committed 113176K, reserved 1146880K
  class space    used 13746K, capacity 14814K, committed 14896K, reserved 1048576K
Event: 198.300 GC heap after
Heap after GC invocations=33 (full 4):
 PSYoungGen      total 570880K, used 76960K [0x00000000d5580000, 0x0000000100000000, 0x0000000100000000)
  eden space 465920K, 0% used [0x00000000d5580000,0x00000000d5580000,0x00000000f1c80000)
  from space 104960K, 73% used [0x00000000f1c80000,0x00000000f67a8268,0x00000000f8300000)
  to   space 110592K, 0% used [0x00000000f9400000,0x00000000f9400000,0x0000000100000000)
 ParOldGen       total 377344K, used 106024K [0x0000000080000000, 0x0000000097080000, 0x00000000d5580000)
  object space 377344K, 28% used [0x0000000080000000,0x000000008678a3d0,0x0000000097080000)
 Metaspace       used 107867K, capacity 112888K, committed 113176K, reserved 1146880K
  class space    used 13746K, capacity 14814K, committed 14896K, reserved 1048576K
}

