# JRE version: OpenJDK Runtime Environment (8.0_242-b01) (build 1.8.0_242-release-1644-b01)
# Java VM: OpenJDK 64-Bit Server VM (25.242-b01 mixed mode windows-amd64 compressed oops)
Heap:
 PSYoungGen      total 494592K, used 402947K [0x00000000d5580000, 0x00000000fbb80000, 0x0000000100000000)
  eden space 438272K, 79% used [0x00000000d5580000,0x00000000ea8022d8,0x00000000f0180000)
  from space 56320K, 99% used [0x00000000f4e00000,0x00000000f84fea48,0x00000000f8500000)
  to   space 78336K, 0% used [0x00000000f0180000,0x00000000f0180000,0x00000000f4e00000)
 ParOldGen       total 317952K, used 100451K [0x0000000080000000, 0x0000000093680000, 0x00000000d5580000)
  object space 317952K, 31% used [0x0000000080000000,0x0000000086218f48,0x0000000093680000)
 Metaspace       used 99689K, capacity 105236K, committed 106136K, reserved 1140736K
  class space    used 13022K, capacity 14069K, committed 14512K, reserved 1048576K
GC Heap History (10 events):
Event: 352.590 GC heap before
{Heap before GC invocations=22 (full 4):
 PSYoungGen      total 412160K, used 369264K [0x00000000d5580000, 0x00000000f5080000, 0x0000000100000000)
  eden space 350208K, 100% used [0x00000000d5580000,0x00000000eab80000,0x00000000eab80000)
  from space 61952K, 30% used [0x00000000eab80000,0x00000000ebe1c238,0x00000000ee800000)
  to   space 58368K, 0% used [0x00000000f1780000,0x00000000f1780000,0x00000000f5080000)
 ParOldGen       total 317952K, used 64862K [0x0000000080000000, 0x0000000093680000, 0x00000000d5580000)
  object space 317952K, 20% used [0x0000000080000000,0x0000000083f579f8,0x0000000093680000)
 Metaspace       used 97512K, capacity 102312K, committed 104344K, reserved 1138688K
  class space    used 12879K, capacity 13849K, committed 14512K, reserved 1048576K
Event: 352.613 GC heap after
Heap after GC invocations=22 (full 4):
 PSYoungGen      total 442368K, used 27718K [0x00000000d5580000, 0x00000000f4600000, 0x0000000100000000)
  eden space 394752K, 0% used [0x00000000d5580000,0x00000000d5580000,0x00000000ed700000)
  from space 47616K, 58% used [0x00000000f1780000,0x00000000f3291a78,0x00000000f4600000)
  to   space 56832K, 0% used [0x00000000ed700000,0x00000000ed700000,0x00000000f0e80000)
 ParOldGen       total 317952K, used 64870K [0x0000000080000000, 0x0000000093680000, 0x00000000d5580000)
  object space 317952K, 20% used [0x0000000080000000,0x0000000083f599f8,0x0000000093680000)
 Metaspace       used 97512K, capacity 102312K, committed 104344K, reserved 1138688K
  class space    used 12879K, capacity 13849K, committed 14512K, reserved 1048576K
}
Event: 1323.980 GC heap before
{Heap before GC invocations=23 (full 4):
 PSYoungGen      total 442368K, used 422470K [0x00000000d5580000, 0x00000000f4600000, 0x0000000100000000)
  eden space 394752K, 100% used [0x00000000d5580000,0x00000000ed700000,0x00000000ed700000)
  from space 47616K, 58% used [0x00000000f1780000,0x00000000f3291a78,0x00000000f4600000)
  to   space 56832K, 0% used [0x00000000ed700000,0x00000000ed700000,0x00000000f0e80000)
 ParOldGen       total 317952K, used 64870K [0x0000000080000000, 0x0000000093680000, 0x00000000d5580000)
  object space 317952K, 20% used [0x0000000080000000,0x0000000083f599f8,0x0000000093680000)
 Metaspace       used 97892K, capacity 102766K, committed 104856K, reserved 1140736K
  class space    used 12892K, capacity 13870K, committed 14512K, reserved 1048576K
Event: 1323.994 GC heap after
Heap after GC invocations=23 (full 4):
 PSYoungGen      total 451584K, used 20983K [0x00000000d5580000, 0x00000000f6800000, 0x0000000100000000)
  eden space 394752K, 0% used [0x00000000d5580000,0x00000000d5580000,0x00000000ed700000)
  from space 56832K, 36% used [0x00000000ed700000,0x00000000eeb7dee0,0x00000000f0e80000)
  to   space 53760K, 0% used [0x00000000f3380000,0x00000000f3380000,0x00000000f6800000)
 ParOldGen       total 317952K, used 64878K [0x0000000080000000, 0x0000000093680000, 0x00000000d5580000)
  object space 317952K, 20% used [0x0000000080000000,0x0000000083f5b9f8,0x0000000093680000)
 Metaspace       used 97892K, capacity 102766K, committed 104856K, reserved 1140736K
  class space    used 12892K, capacity 13870K, committed 14512K, reserved 1048576K
}
Event: 1332.811 GC heap before
{Heap before GC invocations=24 (full 4):
 PSYoungGen      total 451584K, used 415735K [0x00000000d5580000, 0x00000000f6800000, 0x0000000100000000)
  eden space 394752K, 100% used [0x00000000d5580000,0x00000000ed700000,0x00000000ed700000)
  from space 56832K, 36% used [0x00000000ed700000,0x00000000eeb7dee0,0x00000000f0e80000)
  to   space 53760K, 0% used [0x00000000f3380000,0x00000000f3380000,0x00000000f6800000)
 ParOldGen       total 317952K, used 64878K [0x0000000080000000, 0x0000000093680000, 0x00000000d5580000)
  object space 317952K, 20% used [0x0000000080000000,0x0000000083f5b9f8,0x0000000093680000)
 Metaspace       used 98325K, capacity 103260K, committed 105112K, reserved 1140736K
  class space    used 12906K, capacity 13885K, committed 14512K, reserved 1048576K
Event: 1332.843 GC heap after
Heap after GC invocations=24 (full 4):
 PSYoungGen      total 483328K, used 46802K [0x00000000d5580000, 0x00000000f6e80000, 0x0000000100000000)
  eden space 429568K, 0% used [0x00000000d5580000,0x00000000d5580000,0x00000000ef900000)
  from space 53760K, 87% used [0x00000000f3380000,0x00000000f6134818,0x00000000f6800000)
  to   space 59904K, 0% used [0x00000000ef900000,0x00000000ef900000,0x00000000f3380000)
 ParOldGen       total 317952K, used 64886K [0x0000000080000000, 0x0000000093680000, 0x00000000d5580000)
  object space 317952K, 20% used [0x0000000080000000,0x0000000083f5d9f8,0x0000000093680000)
 Metaspace       used 98325K, capacity 103260K, committed 105112K, reserved 1140736K
  class space    used 12906K, capacity 13885K, committed 14512K, reserved 1048576K
}
Event: 1431.296 GC heap before
{Heap before GC invocations=25 (full 4):
 PSYoungGen      total 483328K, used 476370K [0x00000000d5580000, 0x00000000f6e80000, 0x0000000100000000)
  eden space 429568K, 100% used [0x00000000d5580000,0x00000000ef900000,0x00000000ef900000)
  from space 53760K, 87% used [0x00000000f3380000,0x00000000f6134818,0x00000000f6800000)
  to   space 59904K, 0% used [0x00000000ef900000,0x00000000ef900000,0x00000000f3380000)
 ParOldGen       total 317952K, used 64886K [0x0000000080000000, 0x0000000093680000, 0x00000000d5580000)
  object space 317952K, 20% used [0x0000000080000000,0x0000000083f5d9f8,0x0000000093680000)
 Metaspace       used 98696K, capacity 103836K, committed 105368K, reserved 1140736K
  class space    used 12929K, capacity 13927K, committed 14512K, reserved 1048576K
Event: 1431.308 GC heap after
Heap after GC invocations=25 (full 4):
 PSYoungGen      total 489472K, used 23979K [0x00000000d5580000, 0x00000000f8500000, 0x0000000100000000)
  eden space 429568K, 0% used [0x00000000d5580000,0x00000000d5580000,0x00000000ef900000)
  from space 59904K, 40% used [0x00000000ef900000,0x00000000f106aec8,0x00000000f3380000)
  to   space 56320K, 0% used [0x00000000f4e00000,0x00000000f4e00000,0x00000000f8500000)
 ParOldGen       total 317952K, used 64894K [0x0000000080000000, 0x0000000093680000, 0x00000000d5580000)
  object space 317952K, 20% used [0x0000000080000000,0x0000000083f5f9f8,0x0000000093680000)
 Metaspace       used 98696K, capacity 103836K, committed 105368K, reserved 1140736K
  class space    used 12929K, capacity 13927K, committed 14512K, reserved 1048576K
}
Event: 1433.551 GC heap before
{Heap before GC invocations=26 (full 4):
 PSYoungGen      total 489472K, used 453547K [0x00000000d5580000, 0x00000000f8500000, 0x0000000100000000)
  eden space 429568K, 100% used [0x00000000d5580000,0x00000000ef900000,0x00000000ef900000)
  from space 59904K, 40% used [0x00000000ef900000,0x00000000f106aec8,0x00000000f3380000)
  to   space 56320K, 0% used [0x00000000f4e00000,0x00000000f4e00000,0x00000000f8500000)
 ParOldGen       total 317952K, used 64894K [0x0000000080000000, 0x0000000093680000, 0x00000000d5580000)
  object space 317952K, 20% used [0x0000000080000000,0x0000000083f5f9f8,0x0000000093680000)
 Metaspace       used 99189K, capacity 104564K, committed 105624K, reserved 1140736K
  class space    used 12981K, capacity 14023K, committed 14512K, reserved 1048576K
Event: 1433.599 GC heap after
Heap after GC invocations=26 (full 4):
 PSYoungGen      total 494592K, used 56314K [0x00000000d5580000, 0x00000000fbb80000, 0x0000000100000000)
  eden space 438272K, 0% used [0x00000000d5580000,0x00000000d5580000,0x00000000f0180000)
  from space 56320K, 99% used [0x00000000f4e00000,0x00000000f84fea48,0x00000000f8500000)
  to   space 78336K, 0% used [0x00000000f0180000,0x00000000f0180000,0x00000000f4e00000)
 ParOldGen       total 317952K, used 100451K [0x0000000080000000, 0x0000000093680000, 0x00000000d5580000)
  object space 317952K, 31% used [0x0000000080000000,0x0000000086218f48,0x0000000093680000)
 Metaspace       used 99189K, capacity 104564K, committed 105624K, reserved 1140736K
  class space    used 12981K, capacity 14023K, committed 14512K, reserved 1048576K
}

