# JRE version: OpenJDK Runtime Environment (8.0_242-b01) (build 1.8.0_242-release-1644-b01)
# Java VM: OpenJDK 64-Bit Server VM (25.242-b01 mixed mode windows-amd64 compressed oops)
Heap:
 PSYoungGen      total 654848K, used 517970K [0x00000000d5580000, 0x0000000100000000, 0x0000000100000000)
  eden space 612864K, 77% used [0x00000000d5580000,0x00000000f2656cb8,0x00000000fac00000)
  from space 41984K, 99% used [0x00000000fac00000,0x00000000fd4fdee0,0x00000000fd500000)
  to   space 44032K, 0% used [0x00000000fd500000,0x00000000fd500000,0x0000000100000000)
 ParOldGen       total 439808K, used 224777K [0x0000000080000000, 0x000000009ad80000, 0x00000000d5580000)
  object space 439808K, 51% used [0x0000000080000000,0x000000008db82450,0x000000009ad80000)
 Metaspace       used 107739K, capacity 113752K, committed 114200K, reserved 1148928K
  class space    used 13695K, capacity 14744K, committed 14896K, reserved 1048576K
GC Heap History (10 events):
Event: 1187.485 GC heap before
{Heap before GC invocations=52 (full 4):
 PSYoungGen      total 645632K, used 610840K [0x00000000d5580000, 0x00000000ffc00000, 0x0000000100000000)
  eden space 597504K, 100% used [0x00000000d5580000,0x00000000f9d00000,0x00000000f9d00000)
  from space 48128K, 27% used [0x00000000f9d00000,0x00000000faa06218,0x00000000fcc00000)
  to   space 45568K, 0% used [0x00000000fcf80000,0x00000000fcf80000,0x00000000ffc00000)
 ParOldGen       total 366592K, used 331765K [0x0000000080000000, 0x0000000096600000, 0x00000000d5580000)
  object space 366592K, 90% used [0x0000000080000000,0x00000000943fd4e0,0x0000000096600000)
 Metaspace       used 107455K, capacity 113644K, committed 113944K, reserved 1148928K
  class space    used 13703K, capacity 14774K, committed 14896K, reserved 1048576K
Event: 1187.510 GC heap after
Heap after GC invocations=52 (full 4):
 PSYoungGen      total 647168K, used 14114K [0x00000000d5580000, 0x00000000ff880000, 0x0000000100000000)
  eden space 605184K, 0% used [0x00000000d5580000,0x00000000d5580000,0x00000000fa480000)
  from space 41984K, 33% used [0x00000000fcf80000,0x00000000fdd48a38,0x00000000ff880000)
  to   space 43008K, 0% used [0x00000000fa480000,0x00000000fa480000,0x00000000fce80000)
 ParOldGen       total 366592K, used 341082K [0x0000000080000000, 0x0000000096600000, 0x00000000d5580000)
  object space 366592K, 93% used [0x0000000080000000,0x0000000094d16bd0,0x0000000096600000)
 Metaspace       used 107455K, capacity 113644K, committed 113944K, reserved 1148928K
  class space    used 13703K, capacity 14774K, committed 14896K, reserved 1048576K
}
Event: 1188.380 GC heap before
{Heap before GC invocations=53 (full 4):
 PSYoungGen      total 647168K, used 619298K [0x00000000d5580000, 0x00000000ff880000, 0x0000000100000000)
  eden space 605184K, 100% used [0x00000000d5580000,0x00000000fa480000,0x00000000fa480000)
  from space 41984K, 33% used [0x00000000fcf80000,0x00000000fdd48a38,0x00000000ff880000)
  to   space 43008K, 0% used [0x00000000fa480000,0x00000000fa480000,0x00000000fce80000)
 ParOldGen       total 366592K, used 341082K [0x0000000080000000, 0x0000000096600000, 0x00000000d5580000)
  object space 366592K, 93% used [0x0000000080000000,0x0000000094d16bd0,0x0000000096600000)
 Metaspace       used 107528K, capacity 113756K, committed 113944K, reserved 1148928K
  class space    used 13712K, capacity 14808K, committed 14896K, reserved 1048576K
Event: 1188.408 GC heap after
Heap after GC invocations=53 (full 4):
 PSYoungGen      total 648192K, used 23691K [0x00000000d5580000, 0x0000000100000000, 0x0000000100000000)
  eden space 605184K, 0% used [0x00000000d5580000,0x00000000d5580000,0x00000000fa480000)
  from space 43008K, 55% used [0x00000000fa480000,0x00000000fbba2f08,0x00000000fce80000)
  to   space 43008K, 0% used [0x00000000fd600000,0x00000000fd600000,0x0000000100000000)
 ParOldGen       total 366592K, used 350444K [0x0000000080000000, 0x0000000096600000, 0x00000000d5580000)
  object space 366592K, 95% used [0x0000000080000000,0x000000009563b078,0x0000000096600000)
 Metaspace       used 107528K, capacity 113756K, committed 113944K, reserved 1148928K
  class space    used 13712K, capacity 14808K, committed 14896K, reserved 1048576K
}
Event: 1188.408 GC heap before
{Heap before GC invocations=54 (full 5):
 PSYoungGen      total 648192K, used 23691K [0x00000000d5580000, 0x0000000100000000, 0x0000000100000000)
  eden space 605184K, 0% used [0x00000000d5580000,0x00000000d5580000,0x00000000fa480000)
  from space 43008K, 55% used [0x00000000fa480000,0x00000000fbba2f08,0x00000000fce80000)
  to   space 43008K, 0% used [0x00000000fd600000,0x00000000fd600000,0x0000000100000000)
 ParOldGen       total 366592K, used 350444K [0x0000000080000000, 0x0000000096600000, 0x00000000d5580000)
  object space 366592K, 95% used [0x0000000080000000,0x000000009563b078,0x0000000096600000)
 Metaspace       used 107528K, capacity 113756K, committed 113944K, reserved 1148928K
  class space    used 13712K, capacity 14808K, committed 14896K, reserved 1048576K
Event: 1188.905 GC heap after
Heap after GC invocations=54 (full 5):
 PSYoungGen      total 648192K, used 0K [0x00000000d5580000, 0x0000000100000000, 0x0000000100000000)
  eden space 605184K, 0% used [0x00000000d5580000,0x00000000d5580000,0x00000000fa480000)
  from space 43008K, 0% used [0x00000000fa480000,0x00000000fa480000,0x00000000fce80000)
  to   space 43008K, 0% used [0x00000000fd600000,0x00000000fd600000,0x0000000100000000)
 ParOldGen       total 439808K, used 154026K [0x0000000080000000, 0x000000009ad80000, 0x00000000d5580000)
  object space 439808K, 35% used [0x0000000080000000,0x000000008966aa38,0x000000009ad80000)
 Metaspace       used 107384K, capacity 113290K, committed 113944K, reserved 1148928K
  class space    used 13664K, capacity 14723K, committed 14896K, reserved 1048576K
}
Event: 1190.553 GC heap before
{Heap before GC invocations=55 (full 5):
 PSYoungGen      total 648192K, used 605184K [0x00000000d5580000, 0x0000000100000000, 0x0000000100000000)
  eden space 605184K, 100% used [0x00000000d5580000,0x00000000fa480000,0x00000000fa480000)
  from space 43008K, 0% used [0x00000000fa480000,0x00000000fa480000,0x00000000fce80000)
  to   space 43008K, 0% used [0x00000000fd600000,0x00000000fd600000,0x0000000100000000)
 ParOldGen       total 439808K, used 154026K [0x0000000080000000, 0x000000009ad80000, 0x00000000d5580000)
  object space 439808K, 35% used [0x0000000080000000,0x000000008966aa38,0x000000009ad80000)
 Metaspace       used 107390K, capacity 113290K, committed 113944K, reserved 1148928K
  class space    used 13664K, capacity 14723K, committed 14896K, reserved 1048576K
Event: 1190.570 GC heap after
Heap after GC invocations=55 (full 5):
 PSYoungGen      total 653824K, used 9206K [0x00000000d5580000, 0x00000000ffe00000, 0x0000000100000000)
  eden space 612864K, 0% used [0x00000000d5580000,0x00000000d5580000,0x00000000fac00000)
  from space 40960K, 22% used [0x00000000fd600000,0x00000000fdefd9a0,0x00000000ffe00000)
  to   space 41984K, 0% used [0x00000000fac00000,0x00000000fac00000,0x00000000fd500000)
 ParOldGen       total 439808K, used 154026K [0x0000000080000000, 0x000000009ad80000, 0x00000000d5580000)
  object space 439808K, 35% used [0x0000000080000000,0x000000008966aa38,0x000000009ad80000)
 Metaspace       used 107390K, capacity 113290K, committed 113944K, reserved 1148928K
  class space    used 13664K, capacity 14723K, committed 14896K, reserved 1048576K
}
Event: 1192.842 GC heap before
{Heap before GC invocations=56 (full 5):
 PSYoungGen      total 653824K, used 622070K [0x00000000d5580000, 0x00000000ffe00000, 0x0000000100000000)
  eden space 612864K, 100% used [0x00000000d5580000,0x00000000fac00000,0x00000000fac00000)
  from space 40960K, 22% used [0x00000000fd600000,0x00000000fdefd9a0,0x00000000ffe00000)
  to   space 41984K, 0% used [0x00000000fac00000,0x00000000fac00000,0x00000000fd500000)
 ParOldGen       total 439808K, used 154026K [0x0000000080000000, 0x000000009ad80000, 0x00000000d5580000)
  object space 439808K, 35% used [0x0000000080000000,0x000000008966aa38,0x000000009ad80000)
 Metaspace       used 107444K, capacity 113354K, committed 113944K, reserved 1148928K
  class space    used 13665K, capacity 14723K, committed 14896K, reserved 1048576K
Event: 1192.944 GC heap after
Heap after GC invocations=56 (full 5):
 PSYoungGen      total 654848K, used 41975K [0x00000000d5580000, 0x0000000100000000, 0x0000000100000000)
  eden space 612864K, 0% used [0x00000000d5580000,0x00000000d5580000,0x00000000fac00000)
  from space 41984K, 99% used [0x00000000fac00000,0x00000000fd4fdee0,0x00000000fd500000)
  to   space 44032K, 0% used [0x00000000fd500000,0x00000000fd500000,0x0000000100000000)
 ParOldGen       total 439808K, used 224777K [0x0000000080000000, 0x000000009ad80000, 0x00000000d5580000)
  object space 439808K, 51% used [0x0000000080000000,0x000000008db82450,0x000000009ad80000)
 Metaspace       used 107444K, capacity 113354K, committed 113944K, reserved 1148928K
  class space    used 13665K, capacity 14723K, committed 14896K, reserved 1048576K
}

