# JRE version: OpenJDK Runtime Environment (17.0.6) (build 17.0.6+0-b2043.56-10027231)
# Java VM: OpenJDK 64-Bit Server VM (17.0.6+0-b2043.56-10027231, mixed mode, tiered, compressed oops, compressed class ptrs, g1 gc, windows-amd64)
GC Precious Log:
 CPUs: 8 total, 8 available
 Memory: 16190M
 Large Page Support: Disabled
 NUMA Support: Disabled
 Compressed Oops: Enabled (Zero based)
 Heap Region Size: 2M
 Heap Min Capacity: 8M
 Heap Initial Capacity: 254M
 Heap Max Capacity: 4048M
 Pre-touch: Disabled
 Parallel Workers: 8
 Concurrent Workers: 2
 Concurrent Refinement Workers: 8
 Periodic GC: Disabled
Heap:
 garbage-first heap   total 256000K, used 181523K [0x0000000703000000, 0x0000000800000000)
  region size 2048K, 44 young (90112K), 7 survivors (14336K)
 Metaspace       used 70700K, committed 71040K, reserved 1114112K
  class space    used 8078K, committed 8256K, reserved 1048576K
GC Heap History (20 events):
Event: 8.286 GC heap before
{Heap before GC invocations=17 (full 0):
 garbage-first heap   total 116736K, used 87015K [0x0000000703000000, 0x0000000800000000)
  region size 2048K, 17 young (34816K), 3 survivors (6144K)
 Metaspace       used 58247K, committed 58496K, reserved 1105920K
  class space    used 6814K, committed 6912K, reserved 1048576K
}
Event: 8.318 GC heap after
{Heap after GC invocations=18 (full 0):
 garbage-first heap   total 116736K, used 65526K [0x0000000703000000, 0x0000000800000000)
  region size 2048K, 3 young (6144K), 3 survivors (6144K)
 Metaspace       used 58247K, committed 58496K, reserved 1105920K
  class space    used 6814K, committed 6912K, reserved 1048576K
}
Event: 8.969 GC heap before
{Heap before GC invocations=19 (full 0):
 garbage-first heap   total 116736K, used 90102K [0x0000000703000000, 0x0000000800000000)
  region size 2048K, 15 young (30720K), 3 survivors (6144K)
 Metaspace       used 60222K, committed 60480K, reserved 1105920K
  class space    used 7068K, committed 7232K, reserved 1048576K
}
Event: 8.995 GC heap after
{Heap after GC invocations=20 (full 0):
 garbage-first heap   total 116736K, used 70922K [0x0000000703000000, 0x0000000800000000)
  region size 2048K, 2 young (4096K), 2 survivors (4096K)
 Metaspace       used 60222K, committed 60480K, reserved 1105920K
  class space    used 7068K, committed 7232K, reserved 1048576K
}
Event: 9.365 GC heap before
{Heap before GC invocations=20 (full 0):
 garbage-first heap   total 116736K, used 91402K [0x0000000703000000, 0x0000000800000000)
  region size 2048K, 12 young (24576K), 2 survivors (4096K)
 Metaspace       used 60486K, committed 60800K, reserved 1105920K
  class space    used 7082K, committed 7232K, reserved 1048576K
}
Event: 9.384 GC heap after
{Heap after GC invocations=21 (full 0):
 garbage-first heap   total 116736K, used 75776K [0x0000000703000000, 0x0000000800000000)
  region size 2048K, 2 young (4096K), 2 survivors (4096K)
 Metaspace       used 60486K, committed 60800K, reserved 1105920K
  class space    used 7082K, committed 7232K, reserved 1048576K
}
Event: 9.716 GC heap before
{Heap before GC invocations=22 (full 0):
 garbage-first heap   total 137216K, used 94208K [0x0000000703000000, 0x0000000800000000)
  region size 2048K, 11 young (22528K), 2 survivors (4096K)
 Metaspace       used 60616K, committed 60928K, reserved 1105920K
  class space    used 7085K, committed 7232K, reserved 1048576K
}
Event: 9.727 GC heap after
{Heap after GC invocations=23 (full 0):
 garbage-first heap   total 137216K, used 79493K [0x0000000703000000, 0x0000000800000000)
  region size 2048K, 2 young (4096K), 2 survivors (4096K)
 Metaspace       used 60616K, committed 60928K, reserved 1105920K
  class space    used 7085K, committed 7232K, reserved 1048576K
}
Event: 10.005 GC heap before
{Heap before GC invocations=23 (full 0):
 garbage-first heap   total 137216K, used 106117K [0x0000000703000000, 0x0000000800000000)
  region size 2048K, 15 young (30720K), 2 survivors (4096K)
 Metaspace       used 60794K, committed 61120K, reserved 1105920K
  class space    used 7099K, committed 7232K, reserved 1048576K
}
Event: 10.021 GC heap after
{Heap after GC invocations=24 (full 0):
 garbage-first heap   total 137216K, used 83706K [0x0000000703000000, 0x0000000800000000)
  region size 2048K, 2 young (4096K), 2 survivors (4096K)
 Metaspace       used 60794K, committed 61120K, reserved 1105920K
  class space    used 7099K, committed 7232K, reserved 1048576K
}
Event: 10.355 GC heap before
{Heap before GC invocations=25 (full 0):
 garbage-first heap   total 153600K, used 108282K [0x0000000703000000, 0x0000000800000000)
  region size 2048K, 14 young (28672K), 2 survivors (4096K)
 Metaspace       used 60832K, committed 61120K, reserved 1105920K
  class space    used 7099K, committed 7232K, reserved 1048576K
}
Event: 10.371 GC heap after
{Heap after GC invocations=26 (full 0):
 garbage-first heap   total 153600K, used 88064K [0x0000000703000000, 0x0000000800000000)
  region size 2048K, 2 young (4096K), 2 survivors (4096K)
 Metaspace       used 60832K, committed 61120K, reserved 1105920K
  class space    used 7099K, committed 7232K, reserved 1048576K
}
Event: 10.406 GC heap before
{Heap before GC invocations=26 (full 0):
 garbage-first heap   total 153600K, used 90112K [0x0000000703000000, 0x0000000800000000)
  region size 2048K, 3 young (6144K), 2 survivors (4096K)
 Metaspace       used 60839K, committed 61184K, reserved 1105920K
  class space    used 7099K, committed 7232K, reserved 1048576K
}
Event: 10.418 GC heap after
{Heap after GC invocations=27 (full 0):
 garbage-first heap   total 256000K, used 88719K [0x0000000703000000, 0x0000000800000000)
  region size 2048K, 1 young (2048K), 1 survivors (2048K)
 Metaspace       used 60839K, committed 61184K, reserved 1105920K
  class space    used 7099K, committed 7232K, reserved 1048576K
}
Event: 11.097 GC heap before
{Heap before GC invocations=27 (full 0):
 garbage-first heap   total 256000K, used 180879K [0x0000000703000000, 0x0000000800000000)
  region size 2048K, 46 young (94208K), 1 survivors (2048K)
 Metaspace       used 61065K, committed 61440K, reserved 1105920K
  class space    used 7118K, committed 7296K, reserved 1048576K
}
Event: 11.105 GC heap after
{Heap after GC invocations=28 (full 0):
 garbage-first heap   total 256000K, used 93601K [0x0000000703000000, 0x0000000800000000)
  region size 2048K, 3 young (6144K), 3 survivors (6144K)
 Metaspace       used 61065K, committed 61440K, reserved 1105920K
  class space    used 7118K, committed 7296K, reserved 1048576K
}
Event: 13.288 GC heap before
{Heap before GC invocations=28 (full 0):
 garbage-first heap   total 256000K, used 183713K [0x0000000703000000, 0x0000000800000000)
  region size 2048K, 47 young (96256K), 3 survivors (6144K)
 Metaspace       used 65307K, committed 65600K, reserved 1114112K
  class space    used 7576K, committed 7744K, reserved 1048576K
}
Event: 13.300 GC heap after
{Heap after GC invocations=29 (full 0):
 garbage-first heap   total 256000K, used 98507K [0x0000000703000000, 0x0000000800000000)
  region size 2048K, 6 young (12288K), 6 survivors (12288K)
 Metaspace       used 65307K, committed 65600K, reserved 1114112K
  class space    used 7576K, committed 7744K, reserved 1048576K
}
Event: 17.378 GC heap before
{Heap before GC invocations=29 (full 0):
 garbage-first heap   total 256000K, used 190667K [0x0000000703000000, 0x0000000800000000)
  region size 2048K, 51 young (104448K), 6 survivors (12288K)
 Metaspace       used 69030K, committed 69376K, reserved 1114112K
  class space    used 7901K, committed 8064K, reserved 1048576K
}
Event: 17.401 GC heap after
{Heap after GC invocations=30 (full 0):
 garbage-first heap   total 256000K, used 107795K [0x0000000703000000, 0x0000000800000000)
  region size 2048K, 7 young (14336K), 7 survivors (14336K)
 Metaspace       used 69030K, committed 69376K, reserved 1114112K
  class space    used 7901K, committed 8064K, reserved 1048576K
}

