# JRE version: OpenJDK Runtime Environment (8.0_242-b01) (build 1.8.0_242-release-1644-b01)
# Java VM: OpenJDK 64-Bit Server VM (25.242-b01 mixed mode windows-amd64 compressed oops)
Heap:
 PSYoungGen      total 338432K, used 130638K [0x00000000d5580000, 0x00000000ebb80000, 0x0000000100000000)
  eden space 316416K, 41% used [0x00000000d5580000,0x00000000dd5138f8,0x00000000e8a80000)
  from space 22016K, 0% used [0x00000000ea280000,0x00000000ea280000,0x00000000eb800000)
  to   space 24576K, 0% used [0x00000000e8a80000,0x00000000e8a80000,0x00000000ea280000)
 ParOldGen       total 216576K, used 33233K [0x0000000080000000, 0x000000008d380000, 0x00000000d5580000)
  object space 216576K, 15% used [0x0000000080000000,0x0000000082074630,0x000000008d380000)
 Metaspace       used 62878K, capacity 66072K, committed 66200K, reserved 1105920K
  class space    used 8681K, capacity 9297K, committed 9392K, reserved 1048576K
GC Heap History (10 events):
Event: 3.479 GC heap before
{Heap before GC invocations=7 (full 1):
 PSYoungGen      total 140800K, used 63603K [0x00000000d5580000, 0x00000000e4880000, 0x0000000100000000)
  eden space 130048K, 40% used [0x00000000d5580000,0x00000000d8921718,0x00000000dd480000)
  from space 10752K, 99% used [0x00000000dd480000,0x00000000ddefb658,0x00000000ddf00000)
  to   space 15872K, 0% used [0x00000000e3900000,0x00000000e3900000,0x00000000e4880000)
 ParOldGen       total 93184K, used 9985K [0x0000000080000000, 0x0000000085b00000, 0x00000000d5580000)
  object space 93184K, 10% used [0x0000000080000000,0x00000000809c05c0,0x0000000085b00000)
 Metaspace       used 34505K, capacity 35390K, committed 35496K, reserved 1079296K
  class space    used 4731K, capacity 4970K, committed 5040K, reserved 1048576K
Event: 3.486 GC heap after
Heap after GC invocations=7 (full 1):
 PSYoungGen      total 229888K, used 9642K [0x00000000d5580000, 0x00000000e4600000, 0x0000000100000000)
  eden space 216576K, 0% used [0x00000000d5580000,0x00000000d5580000,0x00000000e2900000)
  from space 13312K, 72% used [0x00000000e3900000,0x00000000e426a9f8,0x00000000e4600000)
  to   space 14848K, 0% used [0x00000000e2900000,0x00000000e2900000,0x00000000e3780000)
 ParOldGen       total 93184K, used 9993K [0x0000000080000000, 0x0000000085b00000, 0x00000000d5580000)
  object space 93184K, 10% used [0x0000000080000000,0x00000000809c25c0,0x0000000085b00000)
 Metaspace       used 34505K, capacity 35390K, committed 35496K, reserved 1079296K
  class space    used 4731K, capacity 4970K, committed 5040K, reserved 1048576K
}
Event: 3.486 GC heap before
{Heap before GC invocations=8 (full 2):
 PSYoungGen      total 229888K, used 9642K [0x00000000d5580000, 0x00000000e4600000, 0x0000000100000000)
  eden space 216576K, 0% used [0x00000000d5580000,0x00000000d5580000,0x00000000e2900000)
  from space 13312K, 72% used [0x00000000e3900000,0x00000000e426a9f8,0x00000000e4600000)
  to   space 14848K, 0% used [0x00000000e2900000,0x00000000e2900000,0x00000000e3780000)
 ParOldGen       total 93184K, used 9993K [0x0000000080000000, 0x0000000085b00000, 0x00000000d5580000)
  object space 93184K, 10% used [0x0000000080000000,0x00000000809c25c0,0x0000000085b00000)
 Metaspace       used 34505K, capacity 35390K, committed 35496K, reserved 1079296K
  class space    used 4731K, capacity 4970K, committed 5040K, reserved 1048576K
Event: 3.527 GC heap after
Heap after GC invocations=8 (full 2):
 PSYoungGen      total 229888K, used 0K [0x00000000d5580000, 0x00000000e4600000, 0x0000000100000000)
  eden space 216576K, 0% used [0x00000000d5580000,0x00000000d5580000,0x00000000e2900000)
  from space 13312K, 0% used [0x00000000e3900000,0x00000000e3900000,0x00000000e4600000)
  to   space 14848K, 0% used [0x00000000e2900000,0x00000000e2900000,0x00000000e3780000)
 ParOldGen       total 144896K, used 16067K [0x0000000080000000, 0x0000000088d80000, 0x00000000d5580000)
  object space 144896K, 11% used [0x0000000080000000,0x0000000080fb0eb0,0x0000000088d80000)
 Metaspace       used 34505K, capacity 35390K, committed 35496K, reserved 1079296K
  class space    used 4731K, capacity 4970K, committed 5040K, reserved 1048576K
}
Event: 5.432 GC heap before
{Heap before GC invocations=9 (full 2):
 PSYoungGen      total 229888K, used 216576K [0x00000000d5580000, 0x00000000e4600000, 0x0000000100000000)
  eden space 216576K, 100% used [0x00000000d5580000,0x00000000e2900000,0x00000000e2900000)
  from space 13312K, 0% used [0x00000000e3900000,0x00000000e3900000,0x00000000e4600000)
  to   space 14848K, 0% used [0x00000000e2900000,0x00000000e2900000,0x00000000e3780000)
 ParOldGen       total 144896K, used 16067K [0x0000000080000000, 0x0000000088d80000, 0x00000000d5580000)
  object space 144896K, 11% used [0x0000000080000000,0x0000000080fb0eb0,0x0000000088d80000)
 Metaspace       used 51357K, capacity 53084K, committed 53416K, reserved 1095680K
  class space    used 6823K, capacity 7229K, committed 7344K, reserved 1048576K
Event: 5.449 GC heap after
Heap after GC invocations=9 (full 2):
 PSYoungGen      total 231424K, used 14837K [0x00000000d5580000, 0x00000000eb800000, 0x0000000100000000)
  eden space 216576K, 0% used [0x00000000d5580000,0x00000000d5580000,0x00000000e2900000)
  from space 14848K, 99% used [0x00000000e2900000,0x00000000e377d560,0x00000000e3780000)
  to   space 22016K, 0% used [0x00000000ea280000,0x00000000ea280000,0x00000000eb800000)
 ParOldGen       total 144896K, used 26069K [0x0000000080000000, 0x0000000088d80000, 0x00000000d5580000)
  object space 144896K, 17% used [0x0000000080000000,0x0000000081975568,0x0000000088d80000)
 Metaspace       used 51357K, capacity 53084K, committed 53416K, reserved 1095680K
  class space    used 6823K, capacity 7229K, committed 7344K, reserved 1048576K
}
Event: 6.119 GC heap before
{Heap before GC invocations=10 (full 2):
 PSYoungGen      total 231424K, used 79619K [0x00000000d5580000, 0x00000000eb800000, 0x0000000100000000)
  eden space 216576K, 29% used [0x00000000d5580000,0x00000000d94c38d0,0x00000000e2900000)
  from space 14848K, 99% used [0x00000000e2900000,0x00000000e377d560,0x00000000e3780000)
  to   space 22016K, 0% used [0x00000000ea280000,0x00000000ea280000,0x00000000eb800000)
 ParOldGen       total 144896K, used 26069K [0x0000000080000000, 0x0000000088d80000, 0x00000000d5580000)
  object space 144896K, 17% used [0x0000000080000000,0x0000000081975568,0x0000000088d80000)
 Metaspace       used 56996K, capacity 59040K, committed 59160K, reserved 1099776K
  class space    used 7709K, capacity 8171K, committed 8240K, reserved 1048576K
Event: 6.132 GC heap after
Heap after GC invocations=10 (full 2):
 PSYoungGen      total 338432K, used 20789K [0x00000000d5580000, 0x00000000ebb80000, 0x0000000100000000)
  eden space 316416K, 0% used [0x00000000d5580000,0x00000000d5580000,0x00000000e8a80000)
  from space 22016K, 94% used [0x00000000ea280000,0x00000000eb6cd6f0,0x00000000eb800000)
  to   space 24576K, 0% used [0x00000000e8a80000,0x00000000e8a80000,0x00000000ea280000)
 ParOldGen       total 144896K, used 26077K [0x0000000080000000, 0x0000000088d80000, 0x00000000d5580000)
  object space 144896K, 17% used [0x0000000080000000,0x0000000081977568,0x0000000088d80000)
 Metaspace       used 56996K, capacity 59040K, committed 59160K, reserved 1099776K
  class space    used 7709K, capacity 8171K, committed 8240K, reserved 1048576K
}
Event: 6.132 GC heap before
{Heap before GC invocations=11 (full 3):
 PSYoungGen      total 338432K, used 20789K [0x00000000d5580000, 0x00000000ebb80000, 0x0000000100000000)
  eden space 316416K, 0% used [0x00000000d5580000,0x00000000d5580000,0x00000000e8a80000)
  from space 22016K, 94% used [0x00000000ea280000,0x00000000eb6cd6f0,0x00000000eb800000)
  to   space 24576K, 0% used [0x00000000e8a80000,0x00000000e8a80000,0x00000000ea280000)
 ParOldGen       total 144896K, used 26077K [0x0000000080000000, 0x0000000088d80000, 0x00000000d5580000)
  object space 144896K, 17% used [0x0000000080000000,0x0000000081977568,0x0000000088d80000)
 Metaspace       used 56996K, capacity 59040K, committed 59160K, reserved 1099776K
  class space    used 7709K, capacity 8171K, committed 8240K, reserved 1048576K
Event: 6.319 GC heap after
Heap after GC invocations=11 (full 3):
 PSYoungGen      total 338432K, used 0K [0x00000000d5580000, 0x00000000ebb80000, 0x0000000100000000)
  eden space 316416K, 0% used [0x00000000d5580000,0x00000000d5580000,0x00000000e8a80000)
  from space 22016K, 0% used [0x00000000ea280000,0x00000000ea280000,0x00000000eb800000)
  to   space 24576K, 0% used [0x00000000e8a80000,0x00000000e8a80000,0x00000000ea280000)
 ParOldGen       total 216576K, used 33233K [0x0000000080000000, 0x000000008d380000, 0x00000000d5580000)
  object space 216576K, 15% used [0x0000000080000000,0x0000000082074630,0x000000008d380000)
 Metaspace       used 56973K, capacity 58962K, committed 59160K, reserved 1099776K
  class space    used 7702K, capacity 8158K, committed 8240K, reserved 1048576K
}

