# JRE version: OpenJDK Runtime Environment (17.0.10) (build 17.0.10+0--11609105)
# Java VM: OpenJDK 64-Bit Server VM (17.0.10+0--11609105, mixed mode, tiered, compressed oops, compressed class ptrs, g1 gc, windows-amd64)
GC Precious Log:
 CPUs: 8 total, 8 available
 Memory: 32574M
 Large Page Support: Disabled
 NUMA Support: Disabled
 Compressed Oops: Enabled (32-bit)
 Heap Region Size: 1M
 Heap Min Capacity: 8M
 Heap Initial Capacity: 510M
 Heap Max Capacity: 2G
 Pre-touch: Disabled
 Parallel Workers: 8
 Concurrent Workers: 2
 Concurrent Refinement Workers: 8
 Periodic GC: Disabled
Heap:
 garbage-first heap   total 303104K, used 95283K [0x0000000080000000, 0x0000000100000000)
  region size 1024K, 47 young (48128K), 8 survivors (8192K)
 Metaspace       used 57367K, committed 57856K, reserved 1114112K
  class space    used 7758K, committed 8000K, reserved 1048576K
GC Heap History (20 events):
Event: 71.545 GC heap before
{Heap before GC invocations=6 (full 0):
 garbage-first heap   total 71680K, used 59072K [0x0000000080000000, 0x0000000100000000)
  region size 1024K, 30 young (30720K), 4 survivors (4096K)
 Metaspace       used 33857K, committed 34240K, reserved 1114112K
  class space    used 4608K, committed 4736K, reserved 1048576K
}
Event: 71.552 GC heap after
{Heap after GC invocations=7 (full 0):
 garbage-first heap   total 71680K, used 39905K [0x0000000080000000, 0x0000000100000000)
  region size 1024K, 5 young (5120K), 5 survivors (5120K)
 Metaspace       used 33857K, committed 34240K, reserved 1114112K
  class space    used 4608K, committed 4736K, reserved 1048576K
}
Event: 72.223 GC heap before
{Heap before GC invocations=7 (full 0):
 garbage-first heap   total 71680K, used 54241K [0x0000000080000000, 0x0000000100000000)
  region size 1024K, 20 young (20480K), 5 survivors (5120K)
 Metaspace       used 35589K, committed 35968K, reserved 1114112K
  class space    used 4911K, committed 5056K, reserved 1048576K
}
Event: 72.227 GC heap after
{Heap after GC invocations=8 (full 0):
 garbage-first heap   total 71680K, used 40660K [0x0000000080000000, 0x0000000100000000)
  region size 1024K, 1 young (1024K), 1 survivors (1024K)
 Metaspace       used 35589K, committed 35968K, reserved 1114112K
  class space    used 4911K, committed 5056K, reserved 1048576K
}
Event: 72.743 GC heap before
{Heap before GC invocations=9 (full 0):
 garbage-first heap   total 71680K, used 54996K [0x0000000080000000, 0x0000000100000000)
  region size 1024K, 16 young (16384K), 1 survivors (1024K)
 Metaspace       used 37744K, committed 38144K, reserved 1114112K
  class space    used 5228K, committed 5440K, reserved 1048576K
}
Event: 72.746 GC heap after
{Heap after GC invocations=10 (full 0):
 garbage-first heap   total 71680K, used 41139K [0x0000000080000000, 0x0000000100000000)
  region size 1024K, 2 young (2048K), 2 survivors (2048K)
 Metaspace       used 37744K, committed 38144K, reserved 1114112K
  class space    used 5228K, committed 5440K, reserved 1048576K
}
Event: 73.198 GC heap before
{Heap before GC invocations=10 (full 0):
 garbage-first heap   total 71680K, used 55475K [0x0000000080000000, 0x0000000100000000)
  region size 1024K, 17 young (17408K), 2 survivors (2048K)
 Metaspace       used 40599K, committed 40960K, reserved 1114112K
  class space    used 5581K, committed 5760K, reserved 1048576K
}
Event: 73.201 GC heap after
{Heap after GC invocations=11 (full 0):
 garbage-first heap   total 71680K, used 41780K [0x0000000080000000, 0x0000000100000000)
  region size 1024K, 2 young (2048K), 2 survivors (2048K)
 Metaspace       used 40599K, committed 40960K, reserved 1114112K
  class space    used 5581K, committed 5760K, reserved 1048576K
}
Event: 73.472 GC heap before
{Heap before GC invocations=12 (full 0):
 garbage-first heap   total 73728K, used 58164K [0x0000000080000000, 0x0000000100000000)
  region size 1024K, 18 young (18432K), 2 survivors (2048K)
 Metaspace       used 41347K, committed 41728K, reserved 1114112K
  class space    used 5638K, committed 5824K, reserved 1048576K
}
Event: 73.476 GC heap after
{Heap after GC invocations=13 (full 0):
 garbage-first heap   total 73728K, used 44072K [0x0000000080000000, 0x0000000100000000)
  region size 1024K, 3 young (3072K), 3 survivors (3072K)
 Metaspace       used 41347K, committed 41728K, reserved 1114112K
  class space    used 5638K, committed 5824K, reserved 1048576K
}
Event: 73.781 GC heap before
{Heap before GC invocations=13 (full 0):
 garbage-first heap   total 73728K, used 58408K [0x0000000080000000, 0x0000000100000000)
  region size 1024K, 18 young (18432K), 3 survivors (3072K)
 Metaspace       used 43491K, committed 43904K, reserved 1114112K
  class space    used 6037K, committed 6272K, reserved 1048576K
}
Event: 73.785 GC heap after
{Heap after GC invocations=14 (full 0):
 garbage-first heap   total 73728K, used 44425K [0x0000000080000000, 0x0000000100000000)
  region size 1024K, 2 young (2048K), 2 survivors (2048K)
 Metaspace       used 43491K, committed 43904K, reserved 1114112K
  class space    used 6037K, committed 6272K, reserved 1048576K
}
Event: 74.195 GC heap before
{Heap before GC invocations=15 (full 0):
 garbage-first heap   total 78848K, used 57737K [0x0000000080000000, 0x0000000100000000)
  region size 1024K, 16 young (16384K), 2 survivors (2048K)
 Metaspace       used 44901K, committed 45312K, reserved 1114112K
  class space    used 6205K, committed 6400K, reserved 1048576K
}
Event: 74.198 GC heap after
{Heap after GC invocations=16 (full 0):
 garbage-first heap   total 78848K, used 45396K [0x0000000080000000, 0x0000000100000000)
  region size 1024K, 2 young (2048K), 2 survivors (2048K)
 Metaspace       used 44901K, committed 45312K, reserved 1114112K
  class space    used 6205K, committed 6400K, reserved 1048576K
}
Event: 74.821 GC heap before
{Heap before GC invocations=16 (full 0):
 garbage-first heap   total 78848K, used 61780K [0x0000000080000000, 0x0000000100000000)
  region size 1024K, 19 young (19456K), 2 survivors (2048K)
 Metaspace       used 47596K, committed 48000K, reserved 1114112K
  class space    used 6523K, committed 6720K, reserved 1048576K
}
Event: 74.824 GC heap after
{Heap after GC invocations=17 (full 0):
 garbage-first heap   total 78848K, used 46809K [0x0000000080000000, 0x0000000100000000)
  region size 1024K, 3 young (3072K), 3 survivors (3072K)
 Metaspace       used 47596K, committed 48000K, reserved 1114112K
  class space    used 6523K, committed 6720K, reserved 1048576K
}
Event: 75.251 GC heap before
{Heap before GC invocations=18 (full 0):
 garbage-first heap   total 83968K, used 62169K [0x0000000080000000, 0x0000000100000000)
  region size 1024K, 19 young (19456K), 3 survivors (3072K)
 Metaspace       used 51332K, committed 51776K, reserved 1114112K
  class space    used 6957K, committed 7168K, reserved 1048576K
}
Event: 75.256 GC heap after
{Heap after GC invocations=19 (full 0):
 garbage-first heap   total 303104K, used 49001K [0x0000000080000000, 0x0000000100000000)
  region size 1024K, 3 young (3072K), 3 survivors (3072K)
 Metaspace       used 51332K, committed 51776K, reserved 1114112K
  class space    used 6957K, committed 7168K, reserved 1048576K
}
Event: 77.270 GC heap before
{Heap before GC invocations=19 (full 0):
 garbage-first heap   total 303104K, used 204649K [0x0000000080000000, 0x0000000100000000)
  region size 1024K, 146 young (149504K), 3 survivors (3072K)
 Metaspace       used 57225K, committed 57664K, reserved 1114112K
  class space    used 7734K, committed 7936K, reserved 1048576K
}
Event: 77.279 GC heap after
{Heap after GC invocations=20 (full 0):
 garbage-first heap   total 303104K, used 56371K [0x0000000080000000, 0x0000000100000000)
  region size 1024K, 8 young (8192K), 8 survivors (8192K)
 Metaspace       used 57225K, committed 57664K, reserved 1114112K
  class space    used 7734K, committed 7936K, reserved 1048576K
}

