# JRE version: OpenJDK Runtime Environment (11.0.10) (build 11.0.10+0-b96-7249189)
# Java VM: OpenJDK 64-Bit Server VM (11.0.10+0-b96-7249189, mixed mode, tiered, compressed oops, g1 gc, windows-amd64)
Heap:
 garbage-first heap   total 260096K, used 130465K [0x0000000080000000, 0x0000000100000000)
  region size 1024K, 40 young (40960K), 13 survivors (13312K)
 Metaspace       used 93325K, capacity 95890K, committed 95948K, reserved 1132544K
  class space    used 12086K, capacity 12994K, committed 13004K, reserved 1048576K
GC Heap History (20 events):
Event: 30.046 GC heap before
{Heap before GC invocations=10 (full 0):
 garbage-first heap   total 260096K, used 145808K [0x0000000080000000, 0x0000000100000000)
  region size 1024K, 96 young (98304K), 3 survivors (3072K)
 Metaspace       used 65671K, capacity 67289K, committed 67532K, reserved 1107968K
  class space    used 8312K, capacity 8861K, committed 8908K, reserved 1048576K
}
Event: 30.058 GC heap after
{Heap after GC invocations=11 (full 0):
 garbage-first heap   total 260096K, used 56036K [0x0000000080000000, 0x0000000100000000)
  region size 1024K, 9 young (9216K), 9 survivors (9216K)
 Metaspace       used 65671K, capacity 67289K, committed 67532K, reserved 1107968K
  class space    used 8312K, capacity 8861K, committed 8908K, reserved 1048576K
}
Event: 31.122 GC heap before
{Heap before GC invocations=12 (full 0):
 garbage-first heap   total 260096K, used 156388K [0x0000000080000000, 0x0000000100000000)
  region size 1024K, 107 young (109568K), 9 survivors (9216K)
 Metaspace       used 72330K, capacity 74023K, committed 74316K, reserved 1114112K
  class space    used 9324K, capacity 9928K, committed 10060K, reserved 1048576K
}
Event: 31.135 GC heap after
{Heap after GC invocations=13 (full 0):
 garbage-first heap   total 260096K, used 63006K [0x0000000080000000, 0x0000000100000000)
  region size 1024K, 14 young (14336K), 14 survivors (14336K)
 Metaspace       used 72330K, capacity 74023K, committed 74316K, reserved 1114112K
  class space    used 9324K, capacity 9928K, committed 10060K, reserved 1048576K
}
Event: 32.092 GC heap before
{Heap before GC invocations=13 (full 0):
 garbage-first heap   total 260096K, used 167454K [0x0000000080000000, 0x0000000100000000)
  region size 1024K, 116 young (118784K), 14 survivors (14336K)
 Metaspace       used 77770K, capacity 79697K, committed 79948K, reserved 1118208K
  class space    used 10010K, capacity 10702K, committed 10828K, reserved 1048576K
}
Event: 32.109 GC heap after
{Heap after GC invocations=14 (full 0):
 garbage-first heap   total 260096K, used 70040K [0x0000000080000000, 0x0000000100000000)
  region size 1024K, 14 young (14336K), 14 survivors (14336K)
 Metaspace       used 77770K, capacity 79697K, committed 79948K, reserved 1118208K
  class space    used 10010K, capacity 10702K, committed 10828K, reserved 1048576K
}
Event: 34.639 GC heap before
{Heap before GC invocations=14 (full 0):
 garbage-first heap   total 260096K, used 176536K [0x0000000080000000, 0x0000000100000000)
  region size 1024K, 118 young (120832K), 14 survivors (14336K)
 Metaspace       used 84247K, capacity 86479K, committed 86732K, reserved 1124352K
  class space    used 10903K, capacity 11677K, committed 11724K, reserved 1048576K
}
Event: 34.657 GC heap after
{Heap after GC invocations=15 (full 0):
 garbage-first heap   total 260096K, used 78362K [0x0000000080000000, 0x0000000100000000)
  region size 1024K, 15 young (15360K), 15 survivors (15360K)
 Metaspace       used 84247K, capacity 86479K, committed 86732K, reserved 1124352K
  class space    used 10903K, capacity 11677K, committed 11724K, reserved 1048576K
}
Event: 36.708 GC heap before
{Heap before GC invocations=15 (full 0):
 garbage-first heap   total 260096K, used 183834K [0x0000000080000000, 0x0000000100000000)
  region size 1024K, 119 young (121856K), 15 survivors (15360K)
 Metaspace       used 85847K, capacity 88310K, committed 88524K, reserved 1126400K
  class space    used 11110K, capacity 11976K, committed 11980K, reserved 1048576K
}
Event: 36.726 GC heap after
{Heap after GC invocations=16 (full 0):
 garbage-first heap   total 260096K, used 84992K [0x0000000080000000, 0x0000000100000000)
  region size 1024K, 7 young (7168K), 7 survivors (7168K)
 Metaspace       used 85847K, capacity 88310K, committed 88524K, reserved 1126400K
  class space    used 11110K, capacity 11976K, committed 11980K, reserved 1048576K
}
Event: 38.124 GC heap before
{Heap before GC invocations=16 (full 0):
 garbage-first heap   total 260096K, used 190464K [0x0000000080000000, 0x0000000100000000)
  region size 1024K, 111 young (113664K), 7 survivors (7168K)
 Metaspace       used 86191K, capacity 88715K, committed 88908K, reserved 1126400K
  class space    used 11120K, capacity 11986K, committed 12108K, reserved 1048576K
}
Event: 38.135 GC heap after
{Heap after GC invocations=17 (full 0):
 garbage-first heap   total 260096K, used 87636K [0x0000000080000000, 0x0000000100000000)
  region size 1024K, 10 young (10240K), 10 survivors (10240K)
 Metaspace       used 86191K, capacity 88715K, committed 88908K, reserved 1126400K
  class space    used 11120K, capacity 11986K, committed 12108K, reserved 1048576K
}
Event: 39.744 GC heap before
{Heap before GC invocations=17 (full 0):
 garbage-first heap   total 260096K, used 197204K [0x0000000080000000, 0x0000000100000000)
  region size 1024K, 117 young (119808K), 10 survivors (10240K)
 Metaspace       used 86554K, capacity 89037K, committed 89164K, reserved 1126400K
  class space    used 11173K, capacity 12044K, committed 12108K, reserved 1048576K
}
Event: 39.766 GC heap after
{Heap after GC invocations=18 (full 0):
 garbage-first heap   total 260096K, used 91614K [0x0000000080000000, 0x0000000100000000)
  region size 1024K, 8 young (8192K), 8 survivors (8192K)
 Metaspace       used 86554K, capacity 89037K, committed 89164K, reserved 1126400K
  class space    used 11173K, capacity 12044K, committed 12108K, reserved 1048576K
}
Event: 41.512 GC heap before
{Heap before GC invocations=18 (full 0):
 garbage-first heap   total 260096K, used 200158K [0x0000000080000000, 0x0000000100000000)
  region size 1024K, 115 young (117760K), 8 survivors (8192K)
 Metaspace       used 86620K, capacity 89112K, committed 89420K, reserved 1126400K
  class space    used 11178K, capacity 12046K, committed 12108K, reserved 1048576K
}
Event: 41.521 GC heap after
{Heap after GC invocations=19 (full 0):
 garbage-first heap   total 260096K, used 94969K [0x0000000080000000, 0x0000000100000000)
  region size 1024K, 11 young (11264K), 11 survivors (11264K)
 Metaspace       used 86620K, capacity 89112K, committed 89420K, reserved 1126400K
  class space    used 11178K, capacity 12046K, committed 12108K, reserved 1048576K
}
Event: 43.645 GC heap before
{Heap before GC invocations=19 (full 0):
 garbage-first heap   total 260096K, used 204537K [0x0000000080000000, 0x0000000100000000)
  region size 1024K, 119 young (121856K), 11 survivors (11264K)
 Metaspace       used 87014K, capacity 89485K, committed 89804K, reserved 1126400K
  class space    used 11239K, capacity 12118K, committed 12236K, reserved 1048576K
}
Event: 43.657 GC heap after
{Heap after GC invocations=20 (full 0):
 garbage-first heap   total 260096K, used 98241K [0x0000000080000000, 0x0000000100000000)
  region size 1024K, 11 young (11264K), 11 survivors (11264K)
 Metaspace       used 87014K, capacity 89485K, committed 89804K, reserved 1126400K
  class space    used 11239K, capacity 12118K, committed 12236K, reserved 1048576K
}
Event: 46.756 GC heap before
{Heap before GC invocations=20 (full 0):
 garbage-first heap   total 260096K, used 208833K [0x0000000080000000, 0x0000000100000000)
  region size 1024K, 120 young (122880K), 11 survivors (11264K)
 Metaspace       used 92331K, capacity 94885K, committed 95052K, reserved 1132544K
  class space    used 11939K, capacity 12848K, committed 12876K, reserved 1048576K
}
Event: 46.766 GC heap after
{Heap after GC invocations=21 (full 0):
 garbage-first heap   total 260096K, used 103841K [0x0000000080000000, 0x0000000100000000)
  region size 1024K, 13 young (13312K), 13 survivors (13312K)
 Metaspace       used 92331K, capacity 94885K, committed 95052K, reserved 1132544K
  class space    used 11939K, capacity 12848K, committed 12876K, reserved 1048576K
}

