# JRE version: OpenJDK Runtime Environment (11.0.10) (build 11.0.10+0-b96-7249189)
# Java VM: OpenJDK 64-Bit Server VM (11.0.10+0-b96-7249189, mixed mode, tiered, compressed oops, g1 gc, windows-amd64)
Heap:
 garbage-first heap   total 720896K, used 250050K [0x0000000080000000, 0x0000000100000000)
  region size 1024K, 2 young (2048K), 2 survivors (2048K)
 Metaspace       used 147494K, capacity 151869K, committed 152064K, reserved 1181696K
  class space    used 18233K, capacity 19856K, committed 19968K, reserved 1048576K
GC Heap History (20 events):
Event: 162.329 GC heap after
{Heap after GC invocations=124 (full 0):
 garbage-first heap   total 312320K, used 239173K [0x0000000080000000, 0x0000000100000000)
  region size 1024K, 4 young (4096K), 4 survivors (4096K)
 Metaspace       used 146928K, capacity 151291K, committed 151424K, reserved 1181696K
  class space    used 18181K, capacity 19775K, committed 19840K, reserved 1048576K
}
Event: 162.400 GC heap before
{Heap before GC invocations=124 (full 0):
 garbage-first heap   total 312320K, used 273989K [0x0000000080000000, 0x0000000100000000)
  region size 1024K, 40 young (40960K), 4 survivors (4096K)
 Metaspace       used 146966K, capacity 151300K, committed 151424K, reserved 1181696K
  class space    used 18184K, capacity 19777K, committed 19840K, reserved 1048576K
}
Event: 162.404 GC heap after
{Heap after GC invocations=125 (full 0):
 garbage-first heap   total 312320K, used 238029K [0x0000000080000000, 0x0000000100000000)
  region size 1024K, 2 young (2048K), 2 survivors (2048K)
 Metaspace       used 146966K, capacity 151300K, committed 151424K, reserved 1181696K
  class space    used 18184K, capacity 19777K, committed 19840K, reserved 1048576K
}
Event: 162.478 GC heap before
{Heap before GC invocations=125 (full 0):
 garbage-first heap   total 312320K, used 275917K [0x0000000080000000, 0x0000000100000000)
  region size 1024K, 38 young (38912K), 2 survivors (2048K)
 Metaspace       used 147002K, capacity 151369K, committed 151680K, reserved 1181696K
  class space    used 18186K, capacity 19777K, committed 19840K, reserved 1048576K
}
Event: 162.481 GC heap after
{Heap after GC invocations=126 (full 0):
 garbage-first heap   total 312320K, used 239405K [0x0000000080000000, 0x0000000100000000)
  region size 1024K, 3 young (3072K), 3 survivors (3072K)
 Metaspace       used 147002K, capacity 151369K, committed 151680K, reserved 1181696K
  class space    used 18186K, capacity 19777K, committed 19840K, reserved 1048576K
}
Event: 162.543 GC heap before
{Heap before GC invocations=126 (full 0):
 garbage-first heap   total 312320K, used 273197K [0x0000000080000000, 0x0000000100000000)
  region size 1024K, 37 young (37888K), 3 survivors (3072K)
 Metaspace       used 147066K, capacity 151405K, committed 151680K, reserved 1181696K
  class space    used 18192K, capacity 19809K, committed 19840K, reserved 1048576K
}
Event: 162.547 GC heap after
{Heap after GC invocations=127 (full 0):
 garbage-first heap   total 312320K, used 241088K [0x0000000080000000, 0x0000000100000000)
  region size 1024K, 4 young (4096K), 4 survivors (4096K)
 Metaspace       used 147066K, capacity 151405K, committed 151680K, reserved 1181696K
  class space    used 18192K, capacity 19809K, committed 19840K, reserved 1048576K
}
Event: 162.600 GC heap before
{Heap before GC invocations=127 (full 0):
 garbage-first heap   total 312320K, used 273856K [0x0000000080000000, 0x0000000100000000)
  region size 1024K, 37 young (37888K), 4 survivors (4096K)
 Metaspace       used 147074K, capacity 151469K, committed 151680K, reserved 1181696K
  class space    used 18192K, capacity 19809K, committed 19840K, reserved 1048576K
}
Event: 162.605 GC heap after
{Heap after GC invocations=128 (full 0):
 garbage-first heap   total 312320K, used 241897K [0x0000000080000000, 0x0000000100000000)
  region size 1024K, 3 young (3072K), 3 survivors (3072K)
 Metaspace       used 147074K, capacity 151469K, committed 151680K, reserved 1181696K
  class space    used 18192K, capacity 19809K, committed 19840K, reserved 1048576K
}
Event: 162.651 GC heap before
{Heap before GC invocations=128 (full 0):
 garbage-first heap   total 312320K, used 273641K [0x0000000080000000, 0x0000000100000000)
  region size 1024K, 34 young (34816K), 3 survivors (3072K)
 Metaspace       used 147081K, capacity 151469K, committed 151680K, reserved 1181696K
  class space    used 18192K, capacity 19809K, committed 19840K, reserved 1048576K
}
Event: 162.656 GC heap after
{Heap after GC invocations=129 (full 0):
 garbage-first heap   total 312320K, used 242532K [0x0000000080000000, 0x0000000100000000)
  region size 1024K, 3 young (3072K), 3 survivors (3072K)
 Metaspace       used 147081K, capacity 151469K, committed 151680K, reserved 1181696K
  class space    used 18192K, capacity 19809K, committed 19840K, reserved 1048576K
}
Event: 162.710 GC heap before
{Heap before GC invocations=129 (full 0):
 garbage-first heap   total 312320K, used 273252K [0x0000000080000000, 0x0000000100000000)
  region size 1024K, 35 young (35840K), 3 survivors (3072K)
 Metaspace       used 147103K, capacity 151472K, committed 151680K, reserved 1181696K
  class space    used 18192K, capacity 19810K, committed 19840K, reserved 1048576K
}
Event: 162.718 GC heap after
{Heap after GC invocations=130 (full 0):
 garbage-first heap   total 376832K, used 244099K [0x0000000080000000, 0x0000000100000000)
  region size 1024K, 5 young (5120K), 5 survivors (5120K)
 Metaspace       used 147103K, capacity 151472K, committed 151680K, reserved 1181696K
  class space    used 18192K, capacity 19810K, committed 19840K, reserved 1048576K
}
Event: 162.840 GC heap before
{Heap before GC invocations=130 (full 0):
 garbage-first heap   total 376832K, used 302467K [0x0000000080000000, 0x0000000100000000)
  region size 1024K, 62 young (63488K), 5 survivors (5120K)
 Metaspace       used 147204K, capacity 151536K, committed 151680K, reserved 1181696K
  class space    used 18196K, capacity 19810K, committed 19840K, reserved 1048576K
}
Event: 162.850 GC heap after
{Heap after GC invocations=131 (full 0):
 garbage-first heap   total 376832K, used 248065K [0x0000000080000000, 0x0000000100000000)
  region size 1024K, 8 young (8192K), 8 survivors (8192K)
 Metaspace       used 147204K, capacity 151536K, committed 151680K, reserved 1181696K
  class space    used 18196K, capacity 19810K, committed 19840K, reserved 1048576K
}
Event: 162.943 GC heap before
{Heap before GC invocations=131 (full 0):
 garbage-first heap   total 376832K, used 306433K [0x0000000080000000, 0x0000000100000000)
  region size 1024K, 66 young (67584K), 8 survivors (8192K)
 Metaspace       used 147264K, capacity 151602K, committed 151680K, reserved 1181696K
  class space    used 18206K, capacity 19810K, committed 19840K, reserved 1048576K
}
Event: 162.952 GC heap after
{Heap after GC invocations=132 (full 0):
 garbage-first heap   total 376832K, used 249600K [0x0000000080000000, 0x0000000100000000)
  region size 1024K, 6 young (6144K), 6 survivors (6144K)
 Metaspace       used 147264K, capacity 151602K, committed 151680K, reserved 1181696K
  class space    used 18206K, capacity 19810K, committed 19840K, reserved 1048576K
}
Event: 163.090 GC heap before
{Heap before GC invocations=132 (full 0):
 garbage-first heap   total 376832K, used 314112K [0x0000000080000000, 0x0000000100000000)
  region size 1024K, 70 young (71680K), 6 survivors (6144K)
 Metaspace       used 147383K, capacity 151696K, committed 151936K, reserved 1181696K
  class space    used 18225K, capacity 19820K, committed 19840K, reserved 1048576K
}
Event: 163.100 GC heap after
{Heap after GC invocations=133 (full 0):
 garbage-first heap   total 376832K, used 252202K [0x0000000080000000, 0x0000000100000000)
  region size 1024K, 6 young (6144K), 6 survivors (6144K)
 Metaspace       used 147383K, capacity 151696K, committed 151936K, reserved 1181696K
  class space    used 18225K, capacity 19820K, committed 19840K, reserved 1048576K
}
Event: 163.287 GC heap before
{Heap before GC invocations=133 (full 0):
 garbage-first heap   total 376832K, used 317738K [0x0000000080000000, 0x0000000100000000)
  region size 1024K, 70 young (71680K), 6 survivors (6144K)
 Metaspace       used 147494K, capacity 151869K, committed 152064K, reserved 1181696K
  class space    used 18233K, capacity 19856K, committed 19968K, reserved 1048576K
}

