# JRE version: OpenJDK Runtime Environment (8.0_242-b01) (build 1.8.0_242-release-1644-b01)
# Java VM: OpenJDK 64-Bit Server VM (25.242-b01 mixed mode windows-amd64 compressed oops)
Heap:
 PSYoungGen      total 250880K, used 96543K [0x00000000d5580000, 0x00000000ea300000, 0x0000000100000000)
  eden space 208384K, 46% used [0x00000000d5580000,0x00000000db3c7da0,0x00000000e2100000)
  from space 42496K, 0% used [0x00000000e5000000,0x00000000e5000000,0x00000000e7980000)
  to   space 48128K, 0% used [0x00000000e2100000,0x00000000e2100000,0x00000000e5000000)
 ParOldGen       total 367104K, used 50643K [0x0000000080000000, 0x0000000096680000, 0x00000000d5580000)
  object space 367104K, 13% used [0x0000000080000000,0x0000000083174ed8,0x0000000096680000)
 Metaspace       used 94182K, capacity 97566K, committed 101056K, reserved 1136640K
  class space    used 12165K, capacity 12867K, committed 13568K, reserved 1048576K
GC Heap History (10 events):
Event: 9.886 GC heap before
{Heap before GC invocations=16 (full 3):
 PSYoungGen      total 211968K, used 211943K [0x00000000d5580000, 0x00000000e4080000, 0x0000000100000000)
  eden space 191488K, 100% used [0x00000000d5580000,0x00000000e1080000,0x00000000e1080000)
  from space 20480K, 99% used [0x00000000e2800000,0x00000000e3bf9ee8,0x00000000e3c00000)
  to   space 24064K, 0% used [0x00000000e1080000,0x00000000e1080000,0x00000000e2800000)
 ParOldGen       total 257024K, used 38247K [0x0000000080000000, 0x000000008fb00000, 0x00000000d5580000)
  object space 257024K, 14% used [0x0000000080000000,0x0000000082559da0,0x000000008fb00000)
 Metaspace       used 83409K, capacity 87566K, committed 87768K, reserved 1124352K
  class space    used 11201K, capacity 11979K, committed 12032K, reserved 1048576K
Event: 9.907 GC heap after
Heap after GC invocations=16 (full 3):
 PSYoungGen      total 215552K, used 24054K [0x00000000d5580000, 0x00000000e6e00000, 0x0000000100000000)
  eden space 191488K, 0% used [0x00000000d5580000,0x00000000d5580000,0x00000000e1080000)
  from space 24064K, 99% used [0x00000000e1080000,0x00000000e27fdb30,0x00000000e2800000)
  to   space 30720K, 0% used [0x00000000e5000000,0x00000000e5000000,0x00000000e6e00000)
 ParOldGen       total 257024K, used 47927K [0x0000000080000000, 0x000000008fb00000, 0x00000000d5580000)
  object space 257024K, 18% used [0x0000000080000000,0x0000000082ecdc98,0x000000008fb00000)
 Metaspace       used 83409K, capacity 87566K, committed 87768K, reserved 1124352K
  class space    used 11201K, capacity 11979K, committed 12032K, reserved 1048576K
}
Event: 221.083 GC heap before
{Heap before GC invocations=17 (full 3):
 PSYoungGen      total 215552K, used 215542K [0x00000000d5580000, 0x00000000e6e00000, 0x0000000100000000)
  eden space 191488K, 100% used [0x00000000d5580000,0x00000000e1080000,0x00000000e1080000)
  from space 24064K, 99% used [0x00000000e1080000,0x00000000e27fdb30,0x00000000e2800000)
  to   space 30720K, 0% used [0x00000000e5000000,0x00000000e5000000,0x00000000e6e00000)
 ParOldGen       total 257024K, used 47927K [0x0000000080000000, 0x000000008fb00000, 0x00000000d5580000)
  object space 257024K, 18% used [0x0000000080000000,0x0000000082ecdc98,0x000000008fb00000)
 Metaspace       used 88604K, capacity 93210K, committed 93528K, reserved 1130496K
  class space    used 11630K, capacity 12550K, committed 12672K, reserved 1048576K
Event: 221.096 GC heap after
Heap after GC invocations=17 (full 3):
 PSYoungGen      total 249856K, used 28603K [0x00000000d5580000, 0x00000000e6e80000, 0x0000000100000000)
  eden space 219136K, 0% used [0x00000000d5580000,0x00000000d5580000,0x00000000e2b80000)
  from space 30720K, 93% used [0x00000000e5000000,0x00000000e6beec48,0x00000000e6e00000)
  to   space 34304K, 0% used [0x00000000e2b80000,0x00000000e2b80000,0x00000000e4d00000)
 ParOldGen       total 257024K, used 47935K [0x0000000080000000, 0x000000008fb00000, 0x00000000d5580000)
  object space 257024K, 18% used [0x0000000080000000,0x0000000082ecfc98,0x000000008fb00000)
 Metaspace       used 88604K, capacity 93210K, committed 93528K, reserved 1130496K
  class space    used 11630K, capacity 12550K, committed 12672K, reserved 1048576K
}
Event: 3911.797 GC heap before
{Heap before GC invocations=18 (full 3):
 PSYoungGen      total 249856K, used 247739K [0x00000000d5580000, 0x00000000e6e80000, 0x0000000100000000)
  eden space 219136K, 100% used [0x00000000d5580000,0x00000000e2b80000,0x00000000e2b80000)
  from space 30720K, 93% used [0x00000000e5000000,0x00000000e6beec48,0x00000000e6e00000)
  to   space 34304K, 0% used [0x00000000e2b80000,0x00000000e2b80000,0x00000000e4d00000)
 ParOldGen       total 257024K, used 47935K [0x0000000080000000, 0x000000008fb00000, 0x00000000d5580000)
  object space 257024K, 18% used [0x0000000080000000,0x0000000082ecfc98,0x000000008fb00000)
 Metaspace       used 91798K, capacity 96958K, committed 97112K, reserved 1132544K
  class space    used 12041K, capacity 13082K, committed 13184K, reserved 1048576K
Event: 3911.819 GC heap after
Heap after GC invocations=18 (full 3):
 PSYoungGen      total 248320K, used 34282K [0x00000000d5580000, 0x00000000e7980000, 0x0000000100000000)
  eden space 214016K, 0% used [0x00000000d5580000,0x00000000d5580000,0x00000000e2680000)
  from space 34304K, 99% used [0x00000000e2b80000,0x00000000e4cfaad8,0x00000000e4d00000)
  to   space 42496K, 0% used [0x00000000e5000000,0x00000000e5000000,0x00000000e7980000)
 ParOldGen       total 257024K, used 56345K [0x0000000080000000, 0x000000008fb00000, 0x00000000d5580000)
  object space 257024K, 21% used [0x0000000080000000,0x00000000837066a8,0x000000008fb00000)
 Metaspace       used 91798K, capacity 96958K, committed 97112K, reserved 1132544K
  class space    used 12041K, capacity 13082K, committed 13184K, reserved 1048576K
}
Event: 3914.054 GC heap before
{Heap before GC invocations=19 (full 3):
 PSYoungGen      total 248320K, used 209003K [0x00000000d5580000, 0x00000000e7980000, 0x0000000100000000)
  eden space 214016K, 81% used [0x00000000d5580000,0x00000000e00201c0,0x00000000e2680000)
  from space 34304K, 99% used [0x00000000e2b80000,0x00000000e4cfaad8,0x00000000e4d00000)
  to   space 42496K, 0% used [0x00000000e5000000,0x00000000e5000000,0x00000000e7980000)
 ParOldGen       total 257024K, used 56345K [0x0000000080000000, 0x000000008fb00000, 0x00000000d5580000)
  object space 257024K, 21% used [0x0000000080000000,0x00000000837066a8,0x000000008fb00000)
 Metaspace       used 93153K, capacity 98394K, committed 98496K, reserved 1134592K
  class space    used 12198K, capacity 13210K, committed 13312K, reserved 1048576K
Event: 3914.095 GC heap after
Heap after GC invocations=19 (full 3):
 PSYoungGen      total 250880K, used 41111K [0x00000000d5580000, 0x00000000ea300000, 0x0000000100000000)
  eden space 208384K, 0% used [0x00000000d5580000,0x00000000d5580000,0x00000000e2100000)
  from space 42496K, 96% used [0x00000000e5000000,0x00000000e7825f88,0x00000000e7980000)
  to   space 48128K, 0% used [0x00000000e2100000,0x00000000e2100000,0x00000000e5000000)
 ParOldGen       total 257024K, used 56353K [0x0000000080000000, 0x000000008fb00000, 0x00000000d5580000)
  object space 257024K, 21% used [0x0000000080000000,0x00000000837086a8,0x000000008fb00000)
 Metaspace       used 93153K, capacity 98394K, committed 98496K, reserved 1134592K
  class space    used 12198K, capacity 13210K, committed 13312K, reserved 1048576K
}
Event: 3914.095 GC heap before
{Heap before GC invocations=20 (full 4):
 PSYoungGen      total 250880K, used 41111K [0x00000000d5580000, 0x00000000ea300000, 0x0000000100000000)
  eden space 208384K, 0% used [0x00000000d5580000,0x00000000d5580000,0x00000000e2100000)
  from space 42496K, 96% used [0x00000000e5000000,0x00000000e7825f88,0x00000000e7980000)
  to   space 48128K, 0% used [0x00000000e2100000,0x00000000e2100000,0x00000000e5000000)
 ParOldGen       total 257024K, used 56353K [0x0000000080000000, 0x000000008fb00000, 0x00000000d5580000)
  object space 257024K, 21% used [0x0000000080000000,0x00000000837086a8,0x000000008fb00000)
 Metaspace       used 93153K, capacity 98394K, committed 98496K, reserved 1134592K
  class space    used 12198K, capacity 13210K, committed 13312K, reserved 1048576K
Event: 3914.363 GC heap after
Heap after GC invocations=20 (full 4):
 PSYoungGen      total 250880K, used 0K [0x00000000d5580000, 0x00000000ea300000, 0x0000000100000000)
  eden space 208384K, 0% used [0x00000000d5580000,0x00000000d5580000,0x00000000e2100000)
  from space 42496K, 0% used [0x00000000e5000000,0x00000000e5000000,0x00000000e7980000)
  to   space 48128K, 0% used [0x00000000e2100000,0x00000000e2100000,0x00000000e5000000)
 ParOldGen       total 367104K, used 50643K [0x0000000080000000, 0x0000000096680000, 0x00000000d5580000)
  object space 367104K, 13% used [0x0000000080000000,0x0000000083174ed8,0x0000000096680000)
 Metaspace       used 91313K, capacity 94410K, committed 98496K, reserved 1134592K
  class space    used 11777K, capacity 12413K, committed 13312K, reserved 1048576K
}

