# JRE version: OpenJDK Runtime Environment (8.0_242-b01) (build 1.8.0_242-release-1644-b01)
# Java VM: OpenJDK 64-Bit Server VM (25.242-b01 mixed mode windows-amd64 compressed oops)
Heap:
 PSYoungGen      total 271360K, used 143534K [0x00000000d5580000, 0x00000000ea900000, 0x0000000100000000)
  eden space 242688K, 47% used [0x00000000d5580000,0x00000000dc5ae108,0x00000000e4280000)
  from space 28672K, 99% used [0x00000000e4280000,0x00000000e5e7d8d0,0x00000000e5e80000)
  to   space 34816K, 0% used [0x00000000e8700000,0x00000000e8700000,0x00000000ea900000)
 ParOldGen       total 174592K, used 69042K [0x0000000080000000, 0x000000008aa80000, 0x00000000d5580000)
  object space 174592K, 39% used [0x0000000080000000,0x000000008436cb38,0x000000008aa80000)
 Metaspace       used 92395K, capacity 96202K, committed 96536K, reserved 1132544K
  class space    used 12012K, capacity 12747K, committed 12848K, reserved 1048576K
GC Heap History (10 events):
Event: 47.277 GC heap before
{Heap before GC invocations=18 (full 3):
 PSYoungGen      total 190464K, used 190443K [0x00000000d5580000, 0x00000000e3780000, 0x0000000100000000)
  eden space 168960K, 100% used [0x00000000d5580000,0x00000000dfa80000,0x00000000dfa80000)
  from space 21504K, 99% used [0x00000000e1400000,0x00000000e28fae10,0x00000000e2900000)
  to   space 26112K, 0% used [0x00000000dfa80000,0x00000000dfa80000,0x00000000e1400000)
 ParOldGen       total 174592K, used 42057K [0x0000000080000000, 0x000000008aa80000, 0x00000000d5580000)
  object space 174592K, 24% used [0x0000000080000000,0x00000000829125d0,0x000000008aa80000)
 Metaspace       used 73610K, capacity 77024K, committed 77208K, reserved 1116160K
  class space    used 9923K, capacity 10568K, committed 10672K, reserved 1048576K
Event: 47.316 GC heap after
Heap after GC invocations=18 (full 3):
 PSYoungGen      total 195072K, used 10683K [0x00000000d5580000, 0x00000000e5b80000, 0x0000000100000000)
  eden space 168960K, 0% used [0x00000000d5580000,0x00000000d5580000,0x00000000dfa80000)
  from space 26112K, 40% used [0x00000000dfa80000,0x00000000e04eee38,0x00000000e1400000)
  to   space 25088K, 0% used [0x00000000e4300000,0x00000000e4300000,0x00000000e5b80000)
 ParOldGen       total 174592K, used 58789K [0x0000000080000000, 0x000000008aa80000, 0x00000000d5580000)
  object space 174592K, 33% used [0x0000000080000000,0x0000000083969598,0x000000008aa80000)
 Metaspace       used 73610K, capacity 77024K, committed 77208K, reserved 1116160K
  class space    used 9923K, capacity 10568K, committed 10672K, reserved 1048576K
}
Event: 53.172 GC heap before
{Heap before GC invocations=19 (full 3):
 PSYoungGen      total 195072K, used 179643K [0x00000000d5580000, 0x00000000e5b80000, 0x0000000100000000)
  eden space 168960K, 100% used [0x00000000d5580000,0x00000000dfa80000,0x00000000dfa80000)
  from space 26112K, 40% used [0x00000000dfa80000,0x00000000e04eee38,0x00000000e1400000)
  to   space 25088K, 0% used [0x00000000e4300000,0x00000000e4300000,0x00000000e5b80000)
 ParOldGen       total 174592K, used 58789K [0x0000000080000000, 0x000000008aa80000, 0x00000000d5580000)
  object space 174592K, 33% used [0x0000000080000000,0x0000000083969598,0x000000008aa80000)
 Metaspace       used 77015K, capacity 80524K, committed 80664K, reserved 1118208K
  class space    used 10352K, capacity 11036K, committed 11056K, reserved 1048576K
Event: 53.194 GC heap after
Heap after GC invocations=19 (full 3):
 PSYoungGen      total 233984K, used 17537K [0x00000000d5580000, 0x00000000e5780000, 0x0000000100000000)
  eden space 212992K, 0% used [0x00000000d5580000,0x00000000d5580000,0x00000000e2580000)
  from space 20992K, 83% used [0x00000000e4300000,0x00000000e5420608,0x00000000e5780000)
  to   space 25600K, 0% used [0x00000000e2580000,0x00000000e2580000,0x00000000e3e80000)
 ParOldGen       total 174592K, used 63069K [0x0000000080000000, 0x000000008aa80000, 0x00000000d5580000)
  object space 174592K, 36% used [0x0000000080000000,0x0000000083d974c8,0x000000008aa80000)
 Metaspace       used 77015K, capacity 80524K, committed 80664K, reserved 1118208K
  class space    used 10352K, capacity 11036K, committed 11056K, reserved 1048576K
}
Event: 78.370 GC heap before
{Heap before GC invocations=20 (full 3):
 PSYoungGen      total 233984K, used 230529K [0x00000000d5580000, 0x00000000e5780000, 0x0000000100000000)
  eden space 212992K, 100% used [0x00000000d5580000,0x00000000e2580000,0x00000000e2580000)
  from space 20992K, 83% used [0x00000000e4300000,0x00000000e5420608,0x00000000e5780000)
  to   space 25600K, 0% used [0x00000000e2580000,0x00000000e2580000,0x00000000e3e80000)
 ParOldGen       total 174592K, used 63069K [0x0000000080000000, 0x000000008aa80000, 0x00000000d5580000)
  object space 174592K, 36% used [0x0000000080000000,0x0000000083d974c8,0x000000008aa80000)
 Metaspace       used 81790K, capacity 85452K, committed 85656K, reserved 1124352K
  class space    used 10949K, capacity 11670K, committed 11696K, reserved 1048576K
Event: 78.400 GC heap after
Heap after GC invocations=20 (full 3):
 PSYoungGen      total 238592K, used 19749K [0x00000000d5580000, 0x00000000e7880000, 0x0000000100000000)
  eden space 212992K, 0% used [0x00000000d5580000,0x00000000d5580000,0x00000000e2580000)
  from space 25600K, 77% used [0x00000000e2580000,0x00000000e38c9418,0x00000000e3e80000)
  to   space 26624K, 0% used [0x00000000e5e80000,0x00000000e5e80000,0x00000000e7880000)
 ParOldGen       total 174592K, used 63077K [0x0000000080000000, 0x000000008aa80000, 0x00000000d5580000)
  object space 174592K, 36% used [0x0000000080000000,0x0000000083d994c8,0x000000008aa80000)
 Metaspace       used 81790K, capacity 85452K, committed 85656K, reserved 1124352K
  class space    used 10949K, capacity 11670K, committed 11696K, reserved 1048576K
}
Event: 80.154 GC heap before
{Heap before GC invocations=21 (full 3):
 PSYoungGen      total 238592K, used 232741K [0x00000000d5580000, 0x00000000e7880000, 0x0000000100000000)
  eden space 212992K, 100% used [0x00000000d5580000,0x00000000e2580000,0x00000000e2580000)
  from space 25600K, 77% used [0x00000000e2580000,0x00000000e38c9418,0x00000000e3e80000)
  to   space 26624K, 0% used [0x00000000e5e80000,0x00000000e5e80000,0x00000000e7880000)
 ParOldGen       total 174592K, used 63077K [0x0000000080000000, 0x000000008aa80000, 0x00000000d5580000)
  object space 174592K, 36% used [0x0000000080000000,0x0000000083d994c8,0x000000008aa80000)
 Metaspace       used 86824K, capacity 90616K, committed 90904K, reserved 1128448K
  class space    used 11493K, capacity 12252K, committed 12336K, reserved 1048576K
Event: 80.176 GC heap after
Heap after GC invocations=21 (full 3):
 PSYoungGen      total 269312K, used 23432K [0x00000000d5580000, 0x00000000e7e00000, 0x0000000100000000)
  eden space 242688K, 0% used [0x00000000d5580000,0x00000000d5580000,0x00000000e4280000)
  from space 26624K, 88% used [0x00000000e5e80000,0x00000000e7562290,0x00000000e7880000)
  to   space 28672K, 0% used [0x00000000e4280000,0x00000000e4280000,0x00000000e5e80000)
 ParOldGen       total 174592K, used 63085K [0x0000000080000000, 0x000000008aa80000, 0x00000000d5580000)
  object space 174592K, 36% used [0x0000000080000000,0x0000000083d9b4c8,0x000000008aa80000)
 Metaspace       used 86824K, capacity 90616K, committed 90904K, reserved 1128448K
  class space    used 11493K, capacity 12252K, committed 12336K, reserved 1048576K
}
Event: 84.311 GC heap before
{Heap before GC invocations=22 (full 3):
 PSYoungGen      total 269312K, used 266120K [0x00000000d5580000, 0x00000000e7e00000, 0x0000000100000000)
  eden space 242688K, 100% used [0x00000000d5580000,0x00000000e4280000,0x00000000e4280000)
  from space 26624K, 88% used [0x00000000e5e80000,0x00000000e7562290,0x00000000e7880000)
  to   space 28672K, 0% used [0x00000000e4280000,0x00000000e4280000,0x00000000e5e80000)
 ParOldGen       total 174592K, used 63085K [0x0000000080000000, 0x000000008aa80000, 0x00000000d5580000)
  object space 174592K, 36% used [0x0000000080000000,0x0000000083d9b4c8,0x000000008aa80000)
 Metaspace       used 88414K, capacity 92216K, committed 92440K, reserved 1130496K
  class space    used 11599K, capacity 12316K, committed 12336K, reserved 1048576K
Event: 84.339 GC heap after
Heap after GC invocations=22 (full 3):
 PSYoungGen      total 271360K, used 28662K [0x00000000d5580000, 0x00000000ea900000, 0x0000000100000000)
  eden space 242688K, 0% used [0x00000000d5580000,0x00000000d5580000,0x00000000e4280000)
  from space 28672K, 99% used [0x00000000e4280000,0x00000000e5e7d8d0,0x00000000e5e80000)
  to   space 34816K, 0% used [0x00000000e8700000,0x00000000e8700000,0x00000000ea900000)
 ParOldGen       total 174592K, used 69042K [0x0000000080000000, 0x000000008aa80000, 0x00000000d5580000)
  object space 174592K, 39% used [0x0000000080000000,0x000000008436cb38,0x000000008aa80000)
 Metaspace       used 88414K, capacity 92216K, committed 92440K, reserved 1130496K
  class space    used 11599K, capacity 12316K, committed 12336K, reserved 1048576K
}

