# JRE version: OpenJDK Runtime Environment (8.0_242-b01) (build 1.8.0_242-release-1644-b01)
# Java VM: OpenJDK 64-Bit Server VM (25.242-b01 mixed mode windows-amd64 compressed oops)
Heap:
 PSYoungGen      total 169984K, used 106004K [0x00000000d5580000, 0x00000000e1c00000, 0x0000000100000000)
  eden space 158208K, 59% used [0x00000000d5580000,0x00000000db188f48,0x00000000df000000)
  from space 11776K, 99% used [0x00000000e1080000,0x00000000e1bfc168,0x00000000e1c00000)
  to   space 13312K, 0% used [0x00000000e0200000,0x00000000e0200000,0x00000000e0f00000)
 ParOldGen       total 143872K, used 16811K [0x0000000080000000, 0x0000000088c80000, 0x00000000d5580000)
  object space 143872K, 11% used [0x0000000080000000,0x000000008106af58,0x0000000088c80000)
 Metaspace       used 51352K, capacity 53056K, committed 53296K, reserved 1095680K
  class space    used 6829K, capacity 7207K, committed 7216K, reserved 1048576K
GC Heap History (10 events):
Event: 3.015 GC heap before
{Heap before GC invocations=6 (full 1):
 PSYoungGen      total 75776K, used 64446K [0x00000000d5580000, 0x00000000de980000, 0x0000000100000000)
  eden space 65024K, 99% used [0x00000000d5580000,0x00000000d946f818,0x00000000d9500000)
  from space 10752K, 0% used [0x00000000d9f80000,0x00000000d9f80000,0x00000000daa00000)
  to   space 10752K, 0% used [0x00000000d9500000,0x00000000d9500000,0x00000000d9f80000)
 ParOldGen       total 93696K, used 7427K [0x0000000080000000, 0x0000000085b80000, 0x00000000d5580000)
  object space 93696K, 7% used [0x0000000080000000,0x0000000080740df0,0x0000000085b80000)
 Metaspace       used 28238K, capacity 28912K, committed 29232K, reserved 1075200K
  class space    used 3893K, capacity 4127K, committed 4144K, reserved 1048576K
Event: 3.019 GC heap after
Heap after GC invocations=6 (full 1):
 PSYoungGen      total 75776K, used 8660K [0x00000000d5580000, 0x00000000dd700000, 0x0000000100000000)
  eden space 65024K, 0% used [0x00000000d5580000,0x00000000d5580000,0x00000000d9500000)
  from space 10752K, 80% used [0x00000000d9500000,0x00000000d9d75098,0x00000000d9f80000)
  to   space 12288K, 0% used [0x00000000dcb00000,0x00000000dcb00000,0x00000000dd700000)
 ParOldGen       total 93696K, used 7435K [0x0000000080000000, 0x0000000085b80000, 0x00000000d5580000)
  object space 93696K, 7% used [0x0000000080000000,0x0000000080742df0,0x0000000085b80000)
 Metaspace       used 28238K, capacity 28912K, committed 29232K, reserved 1075200K
  class space    used 3893K, capacity 4127K, committed 4144K, reserved 1048576K
}
Event: 3.413 GC heap before
{Heap before GC invocations=7 (full 1):
 PSYoungGen      total 75776K, used 73684K [0x00000000d5580000, 0x00000000dd700000, 0x0000000100000000)
  eden space 65024K, 100% used [0x00000000d5580000,0x00000000d9500000,0x00000000d9500000)
  from space 10752K, 80% used [0x00000000d9500000,0x00000000d9d75098,0x00000000d9f80000)
  to   space 12288K, 0% used [0x00000000dcb00000,0x00000000dcb00000,0x00000000dd700000)
 ParOldGen       total 93696K, used 7435K [0x0000000080000000, 0x0000000085b80000, 0x00000000d5580000)
  object space 93696K, 7% used [0x0000000080000000,0x0000000080742df0,0x0000000085b80000)
 Metaspace       used 32206K, capacity 33044K, committed 33328K, reserved 1077248K
  class space    used 4388K, capacity 4609K, committed 4656K, reserved 1048576K
Event: 3.419 GC heap after
Heap after GC invocations=7 (full 1):
 PSYoungGen      total 119296K, used 9061K [0x00000000d5580000, 0x00000000dd680000, 0x0000000100000000)
  eden space 107520K, 0% used [0x00000000d5580000,0x00000000d5580000,0x00000000dbe80000)
  from space 11776K, 76% used [0x00000000dcb00000,0x00000000dd3d96d0,0x00000000dd680000)
  to   space 12288K, 0% used [0x00000000dbe80000,0x00000000dbe80000,0x00000000dca80000)
 ParOldGen       total 93696K, used 7443K [0x0000000080000000, 0x0000000085b80000, 0x00000000d5580000)
  object space 93696K, 7% used [0x0000000080000000,0x0000000080744df0,0x0000000085b80000)
 Metaspace       used 32206K, capacity 33044K, committed 33328K, reserved 1077248K
  class space    used 4388K, capacity 4609K, committed 4656K, reserved 1048576K
}
Event: 3.658 GC heap before
{Heap before GC invocations=8 (full 1):
 PSYoungGen      total 119296K, used 57066K [0x00000000d5580000, 0x00000000dd680000, 0x0000000100000000)
  eden space 107520K, 44% used [0x00000000d5580000,0x00000000d8461350,0x00000000dbe80000)
  from space 11776K, 76% used [0x00000000dcb00000,0x00000000dd3d96d0,0x00000000dd680000)
  to   space 12288K, 0% used [0x00000000dbe80000,0x00000000dbe80000,0x00000000dca80000)
 ParOldGen       total 93696K, used 7443K [0x0000000080000000, 0x0000000085b80000, 0x00000000d5580000)
  object space 93696K, 7% used [0x0000000080000000,0x0000000080744df0,0x0000000085b80000)
 Metaspace       used 34435K, capacity 35338K, committed 35496K, reserved 1079296K
  class space    used 4719K, capacity 4934K, committed 5040K, reserved 1048576K
Event: 3.664 GC heap after
Heap after GC invocations=8 (full 1):
 PSYoungGen      total 119808K, used 9355K [0x00000000d5580000, 0x00000000e1c00000, 0x0000000100000000)
  eden space 107520K, 0% used [0x00000000d5580000,0x00000000d5580000,0x00000000dbe80000)
  from space 12288K, 76% used [0x00000000dbe80000,0x00000000dc7a2d50,0x00000000dca80000)
  to   space 11776K, 0% used [0x00000000e1080000,0x00000000e1080000,0x00000000e1c00000)
 ParOldGen       total 93696K, used 7451K [0x0000000080000000, 0x0000000085b80000, 0x00000000d5580000)
  object space 93696K, 7% used [0x0000000080000000,0x0000000080746df0,0x0000000085b80000)
 Metaspace       used 34435K, capacity 35338K, committed 35496K, reserved 1079296K
  class space    used 4719K, capacity 4934K, committed 5040K, reserved 1048576K
}
Event: 3.664 GC heap before
{Heap before GC invocations=9 (full 2):
 PSYoungGen      total 119808K, used 9355K [0x00000000d5580000, 0x00000000e1c00000, 0x0000000100000000)
  eden space 107520K, 0% used [0x00000000d5580000,0x00000000d5580000,0x00000000dbe80000)
  from space 12288K, 76% used [0x00000000dbe80000,0x00000000dc7a2d50,0x00000000dca80000)
  to   space 11776K, 0% used [0x00000000e1080000,0x00000000e1080000,0x00000000e1c00000)
 ParOldGen       total 93696K, used 7451K [0x0000000080000000, 0x0000000085b80000, 0x00000000d5580000)
  object space 93696K, 7% used [0x0000000080000000,0x0000000080746df0,0x0000000085b80000)
 Metaspace       used 34435K, capacity 35338K, committed 35496K, reserved 1079296K
  class space    used 4719K, capacity 4934K, committed 5040K, reserved 1048576K
Event: 3.694 GC heap after
Heap after GC invocations=9 (full 2):
 PSYoungGen      total 119808K, used 0K [0x00000000d5580000, 0x00000000e1c00000, 0x0000000100000000)
  eden space 107520K, 0% used [0x00000000d5580000,0x00000000d5580000,0x00000000dbe80000)
  from space 12288K, 0% used [0x00000000dbe80000,0x00000000dbe80000,0x00000000dca80000)
  to   space 11776K, 0% used [0x00000000e1080000,0x00000000e1080000,0x00000000e1c00000)
 ParOldGen       total 143872K, used 15908K [0x0000000080000000, 0x0000000088c80000, 0x00000000d5580000)
  object space 143872K, 11% used [0x0000000080000000,0x0000000080f89128,0x0000000088c80000)
 Metaspace       used 34435K, capacity 35338K, committed 35496K, reserved 1079296K
  class space    used 4719K, capacity 4934K, committed 5040K, reserved 1048576K
}
Event: 5.120 GC heap before
{Heap before GC invocations=10 (full 2):
 PSYoungGen      total 119808K, used 107520K [0x00000000d5580000, 0x00000000e1c00000, 0x0000000100000000)
  eden space 107520K, 100% used [0x00000000d5580000,0x00000000dbe80000,0x00000000dbe80000)
  from space 12288K, 0% used [0x00000000dbe80000,0x00000000dbe80000,0x00000000dca80000)
  to   space 11776K, 0% used [0x00000000e1080000,0x00000000e1080000,0x00000000e1c00000)
 ParOldGen       total 143872K, used 15908K [0x0000000080000000, 0x0000000088c80000, 0x00000000d5580000)
  object space 143872K, 11% used [0x0000000080000000,0x0000000080f89128,0x0000000088c80000)
 Metaspace       used 43281K, capacity 44846K, committed 44976K, reserved 1087488K
  class space    used 5864K, capacity 6207K, committed 6320K, reserved 1048576K
Event: 5.130 GC heap after
Heap after GC invocations=10 (full 2):
 PSYoungGen      total 169984K, used 11760K [0x00000000d5580000, 0x00000000e1c00000, 0x0000000100000000)
  eden space 158208K, 0% used [0x00000000d5580000,0x00000000d5580000,0x00000000df000000)
  from space 11776K, 99% used [0x00000000e1080000,0x00000000e1bfc168,0x00000000e1c00000)
  to   space 13312K, 0% used [0x00000000e0200000,0x00000000e0200000,0x00000000e0f00000)
 ParOldGen       total 143872K, used 16811K [0x0000000080000000, 0x0000000088c80000, 0x00000000d5580000)
  object space 143872K, 11% used [0x0000000080000000,0x000000008106af58,0x0000000088c80000)
 Metaspace       used 43281K, capacity 44846K, committed 44976K, reserved 1087488K
  class space    used 5864K, capacity 6207K, committed 6320K, reserved 1048576K
}

