# JRE version: OpenJDK Runtime Environment (17.0.6) (build 17.0.6+0-b2043.56-10027231)
# Java VM: OpenJDK 64-Bit Server VM (17.0.6+0-b2043.56-10027231, mixed mode, tiered, compressed oops, compressed class ptrs, g1 gc, windows-amd64)
GC Precious Log:
 CPUs: 8 total, 8 available
 Memory: 16190M
 Large Page Support: Disabled
 NUMA Support: Disabled
 Compressed Oops: Enabled (Zero based)
 Heap Region Size: 2M
 Heap Min Capacity: 8M
 Heap Initial Capacity: 254M
 Heap Max Capacity: 4048M
 Pre-touch: Disabled
 Parallel Workers: 8
 Concurrent Workers: 2
 Concurrent Refinement Workers: 8
 Periodic GC: Disabled
Heap:
 garbage-first heap   total 292864K, used 143164K [0x0000000703000000, 0x0000000800000000)
  region size 2048K, 2 young (4096K), 2 survivors (4096K)
 Metaspace       used 82235K, committed 82496K, reserved 1130496K
  class space    used 9163K, committed 9280K, reserved 1048576K
GC Heap History (20 events):
Event: 8.944 GC heap after
{Heap after GC invocations=24 (full 0):
 garbage-first heap   total 215040K, used 88236K [0x0000000703000000, 0x0000000800000000)
  region size 2048K, 6 young (12288K), 6 survivors (12288K)
 Metaspace       used 64363K, committed 64576K, reserved 1114112K
  class space    used 7502K, committed 7616K, reserved 1048576K
}
Event: 9.073 GC heap before
{Heap before GC invocations=24 (full 0):
 garbage-first heap   total 215040K, used 90284K [0x0000000703000000, 0x0000000800000000)
  region size 2048K, 7 young (14336K), 6 survivors (12288K)
 Metaspace       used 64456K, committed 64768K, reserved 1114112K
  class space    used 7503K, committed 7616K, reserved 1048576K
}
Event: 9.088 GC heap after
{Heap after GC invocations=25 (full 0):
 garbage-first heap   total 215040K, used 89219K [0x0000000703000000, 0x0000000800000000)
  region size 2048K, 1 young (2048K), 1 survivors (2048K)
 Metaspace       used 64456K, committed 64768K, reserved 1114112K
  class space    used 7503K, committed 7616K, reserved 1048576K
}
Event: 10.440 GC heap before
{Heap before GC invocations=25 (full 0):
 garbage-first heap   total 215040K, used 156803K [0x0000000703000000, 0x0000000800000000)
  region size 2048K, 34 young (69632K), 1 survivors (2048K)
 Metaspace       used 67118K, committed 67392K, reserved 1114112K
  class space    used 7753K, committed 7872K, reserved 1048576K
}
Event: 10.454 GC heap after
{Heap after GC invocations=26 (full 0):
 garbage-first heap   total 215040K, used 99436K [0x0000000703000000, 0x0000000800000000)
  region size 2048K, 5 young (10240K), 5 survivors (10240K)
 Metaspace       used 67118K, committed 67392K, reserved 1114112K
  class space    used 7753K, committed 7872K, reserved 1048576K
}
Event: 11.143 GC heap before
{Heap before GC invocations=26 (full 0):
 garbage-first heap   total 215040K, used 162924K [0x0000000703000000, 0x0000000800000000)
  region size 2048K, 36 young (73728K), 5 survivors (10240K)
 Metaspace       used 69179K, committed 69440K, reserved 1114112K
  class space    used 7957K, committed 8064K, reserved 1048576K
}
Event: 11.160 GC heap after
{Heap after GC invocations=27 (full 0):
 garbage-first heap   total 215040K, used 109994K [0x0000000703000000, 0x0000000800000000)
  region size 2048K, 5 young (10240K), 5 survivors (10240K)
 Metaspace       used 69179K, committed 69440K, reserved 1114112K
  class space    used 7957K, committed 8064K, reserved 1048576K
}
Event: 12.004 GC heap before
{Heap before GC invocations=27 (full 0):
 garbage-first heap   total 215040K, used 167338K [0x0000000703000000, 0x0000000800000000)
  region size 2048K, 33 young (67584K), 5 survivors (10240K)
 Metaspace       used 72695K, committed 72960K, reserved 1114112K
  class space    used 8277K, committed 8384K, reserved 1048576K
}
Event: 12.023 GC heap after
{Heap after GC invocations=28 (full 0):
 garbage-first heap   total 292864K, used 120650K [0x0000000703000000, 0x0000000800000000)
  region size 2048K, 5 young (10240K), 5 survivors (10240K)
 Metaspace       used 72695K, committed 72960K, reserved 1114112K
  class space    used 8277K, committed 8384K, reserved 1048576K
}
Event: 13.312 GC heap before
{Heap before GC invocations=29 (full 0):
 garbage-first heap   total 292864K, used 218954K [0x0000000703000000, 0x0000000800000000)
  region size 2048K, 53 young (108544K), 5 survivors (10240K)
 Metaspace       used 79354K, committed 79680K, reserved 1122304K
  class space    used 8959K, committed 9088K, reserved 1048576K
}
Event: 13.329 GC heap after
{Heap after GC invocations=30 (full 0):
 garbage-first heap   total 292864K, used 134331K [0x0000000703000000, 0x0000000800000000)
  region size 2048K, 7 young (14336K), 7 survivors (14336K)
 Metaspace       used 79354K, committed 79680K, reserved 1122304K
  class space    used 8959K, committed 9088K, reserved 1048576K
}
Event: 13.362 GC heap before
{Heap before GC invocations=30 (full 0):
 garbage-first heap   total 292864K, used 134331K [0x0000000703000000, 0x0000000800000000)
  region size 2048K, 8 young (16384K), 7 survivors (14336K)
 Metaspace       used 79856K, committed 80192K, reserved 1122304K
  class space    used 9015K, committed 9152K, reserved 1048576K
}
Event: 13.377 GC heap after
{Heap after GC invocations=31 (full 0):
 garbage-first heap   total 292864K, used 135337K [0x0000000703000000, 0x0000000800000000)
  region size 2048K, 1 young (2048K), 1 survivors (2048K)
 Metaspace       used 79856K, committed 80192K, reserved 1122304K
  class space    used 9015K, committed 9152K, reserved 1048576K
}
Event: 13.986 GC heap before
{Heap before GC invocations=31 (full 0):
 garbage-first heap   total 292864K, used 221353K [0x0000000703000000, 0x0000000800000000)
  region size 2048K, 43 young (88064K), 1 survivors (2048K)
 Metaspace       used 81108K, committed 81408K, reserved 1122304K
  class space    used 9088K, committed 9216K, reserved 1048576K
}
Event: 13.994 GC heap after
{Heap after GC invocations=32 (full 0):
 garbage-first heap   total 292864K, used 139433K [0x0000000703000000, 0x0000000800000000)
  region size 2048K, 3 young (6144K), 3 survivors (6144K)
 Metaspace       used 81108K, committed 81408K, reserved 1122304K
  class space    used 9088K, committed 9216K, reserved 1048576K
}
Event: 14.751 GC heap before
{Heap before GC invocations=33 (full 0):
 garbage-first heap   total 292864K, used 225449K [0x0000000703000000, 0x0000000800000000)
  region size 2048K, 45 young (92160K), 3 survivors (6144K)
 Metaspace       used 82118K, committed 82432K, reserved 1130496K
  class space    used 9163K, committed 9280K, reserved 1048576K
}
Event: 14.762 GC heap after
{Heap after GC invocations=34 (full 0):
 garbage-first heap   total 292864K, used 141995K [0x0000000703000000, 0x0000000800000000)
  region size 2048K, 5 young (10240K), 5 survivors (10240K)
 Metaspace       used 82118K, committed 82432K, reserved 1130496K
  class space    used 9163K, committed 9280K, reserved 1048576K
}
Event: 14.800 GC heap before
{Heap before GC invocations=34 (full 0):
 garbage-first heap   total 292864K, used 146091K [0x0000000703000000, 0x0000000800000000)
  region size 2048K, 7 young (14336K), 5 survivors (10240K)
 Metaspace       used 82142K, committed 82432K, reserved 1130496K
  class space    used 9163K, committed 9280K, reserved 1048576K
}
Event: 14.810 GC heap after
{Heap after GC invocations=35 (full 0):
 garbage-first heap   total 292864K, used 142073K [0x0000000703000000, 0x0000000800000000)
  region size 2048K, 1 young (2048K), 1 survivors (2048K)
 Metaspace       used 82142K, committed 82432K, reserved 1130496K
  class space    used 9163K, committed 9280K, reserved 1048576K
}
Event: 15.114 GC heap before
{Heap before GC invocations=35 (full 0):
 garbage-first heap   total 292864K, used 232185K [0x0000000703000000, 0x0000000800000000)
  region size 2048K, 45 young (92160K), 1 survivors (2048K)
 Metaspace       used 82235K, committed 82496K, reserved 1130496K
  class space    used 9163K, committed 9280K, reserved 1048576K
}

