# JRE version: OpenJDK Runtime Environment (8.0_242-b01) (build 1.8.0_242-release-1644-b01)
# Java VM: OpenJDK 64-Bit Server VM (25.242-b01 mixed mode windows-amd64 compressed oops)
Heap:
 PSYoungGen      total 457728K, used 375234K [0x00000000d5580000, 0x00000000f6d80000, 0x0000000100000000)
  eden space 423424K, 85% used [0x00000000d5580000,0x00000000eb87e690,0x00000000ef300000)
  from space 34304K, 34% used [0x00000000f1c80000,0x00000000f27f2510,0x00000000f3e00000)
  to   space 42496K, 0% used [0x00000000ef300000,0x00000000ef300000,0x00000000f1c80000)
 ParOldGen       total 180736K, used 96645K [0x0000000080000000, 0x000000008b080000, 0x00000000d5580000)
  object space 180736K, 53% used [0x0000000080000000,0x0000000085e61578,0x000000008b080000)
 Metaspace       used 104822K, capacity 110286K, committed 110488K, reserved 1144832K
  class space    used 13614K, capacity 14681K, committed 14768K, reserved 1048576K
GC Heap History (10 events):
Event: 96.373 GC heap before
{Heap before GC invocations=20 (full 3):
 PSYoungGen      total 425472K, used 425465K [0x00000000d5580000, 0x00000000f1800000, 0x0000000100000000)
  eden space 397824K, 100% used [0x00000000d5580000,0x00000000eda00000,0x00000000eda00000)
  from space 27648K, 99% used [0x00000000efb80000,0x00000000f167e690,0x00000000f1680000)
  to   space 31744K, 0% used [0x00000000eda00000,0x00000000eda00000,0x00000000ef900000)
 ParOldGen       total 180736K, used 77963K [0x0000000080000000, 0x000000008b080000, 0x00000000d5580000)
  object space 180736K, 43% used [0x0000000080000000,0x0000000084c22dc0,0x000000008b080000)
 Metaspace       used 92518K, capacity 96498K, committed 96792K, reserved 1132544K
  class space    used 11954K, capacity 12721K, committed 12848K, reserved 1048576K
Event: 96.403 GC heap after
Heap after GC invocations=20 (full 3):
 PSYoungGen      total 429568K, used 26675K [0x00000000d5580000, 0x00000000f3e00000, 0x0000000100000000)
  eden space 397824K, 0% used [0x00000000d5580000,0x00000000d5580000,0x00000000eda00000)
  from space 31744K, 84% used [0x00000000eda00000,0x00000000ef40cdd0,0x00000000ef900000)
  to   space 34304K, 0% used [0x00000000f1c80000,0x00000000f1c80000,0x00000000f3e00000)
 ParOldGen       total 180736K, used 90957K [0x0000000080000000, 0x000000008b080000, 0x00000000d5580000)
  object space 180736K, 50% used [0x0000000080000000,0x00000000858d3650,0x000000008b080000)
 Metaspace       used 92518K, capacity 96498K, committed 96792K, reserved 1132544K
  class space    used 11954K, capacity 12721K, committed 12848K, reserved 1048576K
}
Event: 99.055 GC heap before
{Heap before GC invocations=21 (full 3):
 PSYoungGen      total 429568K, used 424499K [0x00000000d5580000, 0x00000000f3e00000, 0x0000000100000000)
  eden space 397824K, 100% used [0x00000000d5580000,0x00000000eda00000,0x00000000eda00000)
  from space 31744K, 84% used [0x00000000eda00000,0x00000000ef40cdd0,0x00000000ef900000)
  to   space 34304K, 0% used [0x00000000f1c80000,0x00000000f1c80000,0x00000000f3e00000)
 ParOldGen       total 180736K, used 90957K [0x0000000080000000, 0x000000008b080000, 0x00000000d5580000)
  object space 180736K, 50% used [0x0000000080000000,0x00000000858d3650,0x000000008b080000)
 Metaspace       used 92579K, capacity 96638K, committed 96792K, reserved 1132544K
  class space    used 11956K, capacity 12723K, committed 12848K, reserved 1048576K
Event: 99.074 GC heap after
Heap after GC invocations=21 (full 3):
 PSYoungGen      total 463360K, used 28516K [0x00000000d5580000, 0x00000000f4280000, 0x0000000100000000)
  eden space 429056K, 0% used [0x00000000d5580000,0x00000000d5580000,0x00000000ef880000)
  from space 34304K, 83% used [0x00000000f1c80000,0x00000000f3859090,0x00000000f3e00000)
  to   space 36864K, 0% used [0x00000000ef880000,0x00000000ef880000,0x00000000f1c80000)
 ParOldGen       total 180736K, used 90965K [0x0000000080000000, 0x000000008b080000, 0x00000000d5580000)
  object space 180736K, 50% used [0x0000000080000000,0x00000000858d5650,0x000000008b080000)
 Metaspace       used 92579K, capacity 96638K, committed 96792K, reserved 1132544K
  class space    used 11956K, capacity 12723K, committed 12848K, reserved 1048576K
}
Event: 139.625 GC heap before
{Heap before GC invocations=22 (full 3):
 PSYoungGen      total 463360K, used 283030K [0x00000000d5580000, 0x00000000f4280000, 0x0000000100000000)
  eden space 429056K, 59% used [0x00000000d5580000,0x00000000e4e0c7b8,0x00000000ef880000)
  from space 34304K, 83% used [0x00000000f1c80000,0x00000000f3859090,0x00000000f3e00000)
  to   space 36864K, 0% used [0x00000000ef880000,0x00000000ef880000,0x00000000f1c80000)
 ParOldGen       total 180736K, used 90965K [0x0000000080000000, 0x000000008b080000, 0x00000000d5580000)
  object space 180736K, 50% used [0x0000000080000000,0x00000000858d5650,0x000000008b080000)
 Metaspace       used 94280K, capacity 98428K, committed 98584K, reserved 1134592K
  class space    used 12141K, capacity 12978K, committed 13104K, reserved 1048576K
Event: 139.652 GC heap after
Heap after GC invocations=22 (full 3):
 PSYoungGen      total 465920K, used 36840K [0x00000000d5580000, 0x00000000f4280000, 0x0000000100000000)
  eden space 429056K, 0% used [0x00000000d5580000,0x00000000d5580000,0x00000000ef880000)
  from space 36864K, 99% used [0x00000000ef880000,0x00000000f1c7a308,0x00000000f1c80000)
  to   space 34304K, 0% used [0x00000000f1c80000,0x00000000f1c80000,0x00000000f3e00000)
 ParOldGen       total 180736K, used 94748K [0x0000000080000000, 0x000000008b080000, 0x00000000d5580000)
  object space 180736K, 52% used [0x0000000080000000,0x0000000085c87220,0x000000008b080000)
 Metaspace       used 94280K, capacity 98428K, committed 98584K, reserved 1134592K
  class space    used 12141K, capacity 12978K, committed 13104K, reserved 1048576K
}
Event: 139.652 GC heap before
{Heap before GC invocations=23 (full 4):
 PSYoungGen      total 465920K, used 36840K [0x00000000d5580000, 0x00000000f4280000, 0x0000000100000000)
  eden space 429056K, 0% used [0x00000000d5580000,0x00000000d5580000,0x00000000ef880000)
  from space 36864K, 99% used [0x00000000ef880000,0x00000000f1c7a308,0x00000000f1c80000)
  to   space 34304K, 0% used [0x00000000f1c80000,0x00000000f1c80000,0x00000000f3e00000)
 ParOldGen       total 180736K, used 94748K [0x0000000080000000, 0x000000008b080000, 0x00000000d5580000)
  object space 180736K, 52% used [0x0000000080000000,0x0000000085c87220,0x000000008b080000)
 Metaspace       used 94280K, capacity 98428K, committed 98584K, reserved 1134592K
  class space    used 12141K, capacity 12978K, committed 13104K, reserved 1048576K
Event: 139.925 GC heap after
Heap after GC invocations=23 (full 4):
 PSYoungGen      total 465920K, used 0K [0x00000000d5580000, 0x00000000f4280000, 0x0000000100000000)
  eden space 429056K, 0% used [0x00000000d5580000,0x00000000d5580000,0x00000000ef880000)
  from space 36864K, 0% used [0x00000000ef880000,0x00000000ef880000,0x00000000f1c80000)
  to   space 34304K, 0% used [0x00000000f1c80000,0x00000000f1c80000,0x00000000f3e00000)
 ParOldGen       total 180736K, used 96637K [0x0000000080000000, 0x000000008b080000, 0x00000000d5580000)
  object space 180736K, 53% used [0x0000000080000000,0x0000000085e5f578,0x000000008b080000)
 Metaspace       used 93264K, capacity 96812K, committed 98584K, reserved 1134592K
  class space    used 11988K, capacity 12734K, committed 13104K, reserved 1048576K
}
Event: 142.384 GC heap before
{Heap before GC invocations=24 (full 4):
 PSYoungGen      total 465920K, used 429056K [0x00000000d5580000, 0x00000000f4280000, 0x0000000100000000)
  eden space 429056K, 100% used [0x00000000d5580000,0x00000000ef880000,0x00000000ef880000)
  from space 36864K, 0% used [0x00000000ef880000,0x00000000ef880000,0x00000000f1c80000)
  to   space 34304K, 0% used [0x00000000f1c80000,0x00000000f1c80000,0x00000000f3e00000)
 ParOldGen       total 180736K, used 96637K [0x0000000080000000, 0x000000008b080000, 0x00000000d5580000)
  object space 180736K, 53% used [0x0000000080000000,0x0000000085e5f578,0x000000008b080000)
 Metaspace       used 95603K, capacity 99224K, committed 100248K, reserved 1136640K
  class space    used 12205K, capacity 12958K, committed 13232K, reserved 1048576K
Event: 142.396 GC heap after
Heap after GC invocations=24 (full 4):
 PSYoungGen      total 457728K, used 11721K [0x00000000d5580000, 0x00000000f6d80000, 0x0000000100000000)
  eden space 423424K, 0% used [0x00000000d5580000,0x00000000d5580000,0x00000000ef300000)
  from space 34304K, 34% used [0x00000000f1c80000,0x00000000f27f2510,0x00000000f3e00000)
  to   space 42496K, 0% used [0x00000000ef300000,0x00000000ef300000,0x00000000f1c80000)
 ParOldGen       total 180736K, used 96645K [0x0000000080000000, 0x000000008b080000, 0x00000000d5580000)
  object space 180736K, 53% used [0x0000000080000000,0x0000000085e61578,0x000000008b080000)
 Metaspace       used 95603K, capacity 99224K, committed 100248K, reserved 1136640K
  class space    used 12205K, capacity 12958K, committed 13232K, reserved 1048576K
}

