# JRE version: OpenJDK Runtime Environment (17.0.10) (build 17.0.10+0--11609105)
# Java VM: OpenJDK 64-Bit Server VM (17.0.10+0--11609105, mixed mode, tiered, compressed oops, compressed class ptrs, g1 gc, windows-amd64)
GC Precious Log:
 CPUs: 8 total, 8 available
 Memory: 32574M
 Large Page Support: Disabled
 NUMA Support: Disabled
 Compressed Oops: Enabled (Zero based)
 Heap Region Size: 4M
 Heap Min Capacity: 8M
 Heap Initial Capacity: 512M
 Heap Max Capacity: 8144M
 Pre-touch: Disabled
 Parallel Workers: 8
 Concurrent Workers: 2
 Concurrent Refinement Workers: 8
 Periodic GC: Disabled
Heap:
 garbage-first heap   total 364544K, used 212069K [0x0000000603000000, 0x0000000800000000)
  region size 4096K, 3 young (12288K), 3 survivors (12288K)
 Metaspace       used 75707K, committed 76160K, reserved 1179648K
  class space    used 8374K, committed 8640K, reserved 1048576K
GC Heap History (20 events):
Event: 36.579 GC heap after
{Heap after GC invocations=27 (full 0):
 garbage-first heap   total 319488K, used 177748K [0x0000000603000000, 0x0000000800000000)
  region size 4096K, 3 young (12288K), 3 survivors (12288K)
 Metaspace       used 73854K, committed 74304K, reserved 1179648K
  class space    used 8276K, committed 8512K, reserved 1048576K
}
Event: 36.679 GC heap before
{Heap before GC invocations=27 (full 0):
 garbage-first heap   total 319488K, used 181844K [0x0000000603000000, 0x0000000800000000)
  region size 4096K, 4 young (16384K), 3 survivors (12288K)
 Metaspace       used 73868K, committed 74304K, reserved 1179648K
  class space    used 8276K, committed 8512K, reserved 1048576K
}
Event: 36.702 GC heap after
{Heap after GC invocations=28 (full 0):
 garbage-first heap   total 319488K, used 177606K [0x0000000603000000, 0x0000000800000000)
  region size 4096K, 1 young (4096K), 1 survivors (4096K)
 Metaspace       used 73868K, committed 74304K, reserved 1179648K
  class space    used 8276K, committed 8512K, reserved 1048576K
}
Event: 38.931 GC heap before
{Heap before GC invocations=28 (full 0):
 garbage-first heap   total 319488K, used 259526K [0x0000000603000000, 0x0000000800000000)
  region size 4096K, 21 young (86016K), 1 survivors (4096K)
 Metaspace       used 74181K, committed 74624K, reserved 1179648K
  class space    used 8278K, committed 8512K, reserved 1048576K
}
Event: 38.940 GC heap after
{Heap after GC invocations=29 (full 0):
 garbage-first heap   total 319488K, used 184365K [0x0000000603000000, 0x0000000800000000)
  region size 4096K, 3 young (12288K), 3 survivors (12288K)
 Metaspace       used 74181K, committed 74624K, reserved 1179648K
  class space    used 8278K, committed 8512K, reserved 1048576K
}
Event: 40.643 GC heap before
{Heap before GC invocations=30 (full 0):
 garbage-first heap   total 348160K, used 258093K [0x0000000603000000, 0x0000000800000000)
  region size 4096K, 21 young (86016K), 3 survivors (12288K)
 Metaspace       used 74411K, committed 74816K, reserved 1179648K
  class space    used 8292K, committed 8512K, reserved 1048576K
}
Event: 40.656 GC heap after
{Heap after GC invocations=31 (full 0):
 garbage-first heap   total 348160K, used 189927K [0x0000000603000000, 0x0000000800000000)
  region size 4096K, 2 young (8192K), 2 survivors (8192K)
 Metaspace       used 74411K, committed 74816K, reserved 1179648K
  class space    used 8292K, committed 8512K, reserved 1048576K
}
Event: 40.843 GC heap before
{Heap before GC invocations=31 (full 0):
 garbage-first heap   total 348160K, used 198119K [0x0000000603000000, 0x0000000800000000)
  region size 4096K, 4 young (16384K), 2 survivors (8192K)
 Metaspace       used 74439K, committed 74816K, reserved 1179648K
  class space    used 8295K, committed 8512K, reserved 1048576K
}
Event: 40.857 GC heap after
{Heap after GC invocations=32 (full 0):
 garbage-first heap   total 348160K, used 189752K [0x0000000603000000, 0x0000000800000000)
  region size 4096K, 1 young (4096K), 1 survivors (4096K)
 Metaspace       used 74439K, committed 74816K, reserved 1179648K
  class space    used 8295K, committed 8512K, reserved 1048576K
}
Event: 43.144 GC heap before
{Heap before GC invocations=32 (full 0):
 garbage-first heap   total 348160K, used 283960K [0x0000000603000000, 0x0000000800000000)
  region size 4096K, 24 young (98304K), 1 survivors (4096K)
 Metaspace       used 74629K, committed 75008K, reserved 1179648K
  class space    used 8297K, committed 8512K, reserved 1048576K
}
Event: 43.155 GC heap after
{Heap after GC invocations=33 (full 0):
 garbage-first heap   total 348160K, used 197185K [0x0000000603000000, 0x0000000800000000)
  region size 4096K, 3 young (12288K), 3 survivors (12288K)
 Metaspace       used 74629K, committed 75008K, reserved 1179648K
  class space    used 8297K, committed 8512K, reserved 1048576K
}
Event: 45.147 GC heap before
{Heap before GC invocations=34 (full 0):
 garbage-first heap   total 364544K, used 283201K [0x0000000603000000, 0x0000000800000000)
  region size 4096K, 24 young (98304K), 3 survivors (12288K)
 Metaspace       used 74714K, committed 75136K, reserved 1179648K
  class space    used 8299K, committed 8512K, reserved 1048576K
}
Event: 45.161 GC heap after
{Heap after GC invocations=35 (full 0):
 garbage-first heap   total 364544K, used 202948K [0x0000000603000000, 0x0000000800000000)
  region size 4096K, 2 young (8192K), 2 survivors (8192K)
 Metaspace       used 74714K, committed 75136K, reserved 1179648K
  class space    used 8299K, committed 8512K, reserved 1048576K
}
Event: 45.279 GC heap before
{Heap before GC invocations=35 (full 0):
 garbage-first heap   total 364544K, used 211140K [0x0000000603000000, 0x0000000800000000)
  region size 4096K, 4 young (16384K), 2 survivors (8192K)
 Metaspace       used 74718K, committed 75136K, reserved 1179648K
  class space    used 8299K, committed 8512K, reserved 1048576K
}
Event: 45.296 GC heap after
{Heap after GC invocations=36 (full 0):
 garbage-first heap   total 364544K, used 202576K [0x0000000603000000, 0x0000000800000000)
  region size 4096K, 1 young (4096K), 1 survivors (4096K)
 Metaspace       used 74718K, committed 75136K, reserved 1179648K
  class space    used 8299K, committed 8512K, reserved 1048576K
}
Event: 47.003 GC heap before
{Heap before GC invocations=36 (full 0):
 garbage-first heap   total 364544K, used 300880K [0x0000000603000000, 0x0000000800000000)
  region size 4096K, 25 young (102400K), 1 survivors (4096K)
 Metaspace       used 74857K, committed 75328K, reserved 1179648K
  class space    used 8306K, committed 8576K, reserved 1048576K
}
Event: 47.011 GC heap after
{Heap after GC invocations=37 (full 0):
 garbage-first heap   total 364544K, used 208062K [0x0000000603000000, 0x0000000800000000)
  region size 4096K, 2 young (8192K), 2 survivors (8192K)
 Metaspace       used 74857K, committed 75328K, reserved 1179648K
  class space    used 8306K, committed 8576K, reserved 1048576K
}
Event: 47.919 GC heap before
{Heap before GC invocations=37 (full 0):
 garbage-first heap   total 364544K, used 302270K [0x0000000603000000, 0x0000000800000000)
  region size 4096K, 25 young (102400K), 2 survivors (8192K)
 Metaspace       used 75485K, committed 75904K, reserved 1179648K
  class space    used 8360K, committed 8576K, reserved 1048576K
}
Event: 47.928 GC heap after
{Heap after GC invocations=38 (full 0):
 garbage-first heap   total 364544K, used 210176K [0x0000000603000000, 0x0000000800000000)
  region size 4096K, 3 young (12288K), 3 survivors (12288K)
 Metaspace       used 75485K, committed 75904K, reserved 1179648K
  class space    used 8360K, committed 8576K, reserved 1048576K
}
Event: 48.645 GC heap before
{Heap before GC invocations=38 (full 0):
 garbage-first heap   total 364544K, used 304384K [0x0000000603000000, 0x0000000800000000)
  region size 4096K, 26 young (106496K), 3 survivors (12288K)
 Metaspace       used 75707K, committed 76160K, reserved 1179648K
  class space    used 8374K, committed 8640K, reserved 1048576K
}

