# JRE version: OpenJDK Runtime Environment (11.0.10) (build 11.0.10+0-b96-7249189)
# Java VM: OpenJDK 64-Bit Server VM (11.0.10+0-b96-7249189, mixed mode, tiered, compressed oops, g1 gc, windows-amd64)
Heap:
 garbage-first heap   total 679936K, used 263274K [0x0000000080000000, 0x0000000100000000)
  region size 1024K, 7 young (7168K), 7 survivors (7168K)
 Metaspace       used 109209K, capacity 112076K, committed 112512K, reserved 1146880K
  class space    used 13726K, capacity 14822K, committed 14976K, reserved 1048576K
GC Heap History (20 events):
Event: 75.669 GC heap after
{Heap after GC invocations=41 (full 0):
 garbage-first heap   total 260096K, used 239616K [0x0000000080000000, 0x0000000100000000)
  region size 1024K, 2 young (2048K), 2 survivors (2048K)
 Metaspace       used 108786K, capacity 111707K, committed 112256K, reserved 1146880K
  class space    used 13708K, capacity 14811K, committed 14976K, reserved 1048576K
}
Event: 75.786 GC heap before
{Heap before GC invocations=41 (full 0):
 garbage-first heap   total 260096K, used 249856K [0x0000000080000000, 0x0000000100000000)
  region size 1024K, 12 young (12288K), 2 survivors (2048K)
 Metaspace       used 108797K, capacity 111707K, committed 112256K, reserved 1146880K
  class space    used 13708K, capacity 14811K, committed 14976K, reserved 1048576K
}
Event: 75.798 GC heap after
{Heap after GC invocations=42 (full 0):
 garbage-first heap   total 261120K, used 248832K [0x0000000080000000, 0x0000000100000000)
  region size 1024K, 2 young (2048K), 2 survivors (2048K)
 Metaspace       used 108797K, capacity 111707K, committed 112256K, reserved 1146880K
  class space    used 13708K, capacity 14811K, committed 14976K, reserved 1048576K
}
Event: 75.967 GC heap before
{Heap before GC invocations=42 (full 0):
 garbage-first heap   total 261120K, used 259072K [0x0000000080000000, 0x0000000100000000)
  region size 1024K, 12 young (12288K), 2 survivors (2048K)
 Metaspace       used 108857K, capacity 111772K, committed 112256K, reserved 1146880K
  class space    used 13708K, capacity 14811K, committed 14976K, reserved 1048576K
}
Event: 75.976 GC heap after
{Heap after GC invocations=43 (full 0):
 garbage-first heap   total 318464K, used 252119K [0x0000000080000000, 0x0000000100000000)
  region size 1024K, 2 young (2048K), 2 survivors (2048K)
 Metaspace       used 108857K, capacity 111772K, committed 112256K, reserved 1146880K
  class space    used 13708K, capacity 14811K, committed 14976K, reserved 1048576K
}
Event: 76.136 GC heap before
{Heap before GC invocations=44 (full 0):
 garbage-first heap   total 318464K, used 265431K [0x0000000080000000, 0x0000000100000000)
  region size 1024K, 15 young (15360K), 2 survivors (2048K)
 Metaspace       used 108942K, capacity 111773K, committed 112256K, reserved 1146880K
  class space    used 13708K, capacity 14811K, committed 14976K, reserved 1048576K
}
Event: 76.147 GC heap after
{Heap after GC invocations=45 (full 0):
 garbage-first heap   total 318464K, used 263168K [0x0000000080000000, 0x0000000100000000)
  region size 1024K, 2 young (2048K), 2 survivors (2048K)
 Metaspace       used 108942K, capacity 111773K, committed 112256K, reserved 1146880K
  class space    used 13708K, capacity 14811K, committed 14976K, reserved 1048576K
}
Event: 76.206 GC heap before
{Heap before GC invocations=45 (full 0):
 garbage-first heap   total 318464K, used 276480K [0x0000000080000000, 0x0000000100000000)
  region size 1024K, 15 young (15360K), 2 survivors (2048K)
 Metaspace       used 108942K, capacity 111773K, committed 112256K, reserved 1146880K
  class space    used 13708K, capacity 14811K, committed 14976K, reserved 1048576K
}
Event: 76.213 GC heap after
{Heap after GC invocations=46 (full 0):
 garbage-first heap   total 318464K, used 274069K [0x0000000080000000, 0x0000000100000000)
  region size 1024K, 2 young (2048K), 2 survivors (2048K)
 Metaspace       used 108942K, capacity 111773K, committed 112256K, reserved 1146880K
  class space    used 13708K, capacity 14811K, committed 14976K, reserved 1048576K
}
Event: 76.248 GC heap before
{Heap before GC invocations=46 (full 0):
 garbage-first heap   total 318464K, used 287381K [0x0000000080000000, 0x0000000100000000)
  region size 1024K, 15 young (15360K), 2 survivors (2048K)
 Metaspace       used 108942K, capacity 111773K, committed 112256K, reserved 1146880K
  class space    used 13708K, capacity 14811K, committed 14976K, reserved 1048576K
}
Event: 76.260 GC heap after
{Heap after GC invocations=47 (full 0):
 garbage-first heap   total 318464K, used 286963K [0x0000000080000000, 0x0000000100000000)
  region size 1024K, 2 young (2048K), 2 survivors (2048K)
 Metaspace       used 108942K, capacity 111773K, committed 112256K, reserved 1146880K
  class space    used 13708K, capacity 14811K, committed 14976K, reserved 1048576K
}
Event: 76.296 GC heap before
{Heap before GC invocations=47 (full 0):
 garbage-first heap   total 318464K, used 299251K [0x0000000080000000, 0x0000000100000000)
  region size 1024K, 15 young (15360K), 2 survivors (2048K)
 Metaspace       used 108942K, capacity 111773K, committed 112256K, reserved 1146880K
  class space    used 13708K, capacity 14811K, committed 14976K, reserved 1048576K
}
Event: 76.315 GC heap after
{Heap after GC invocations=48 (full 0):
 garbage-first heap   total 424960K, used 299581K [0x0000000080000000, 0x0000000100000000)
  region size 1024K, 2 young (2048K), 2 survivors (2048K)
 Metaspace       used 108942K, capacity 111773K, committed 112256K, reserved 1146880K
  class space    used 13708K, capacity 14811K, committed 14976K, reserved 1048576K
}
Event: 76.619 GC heap before
{Heap before GC invocations=48 (full 0):
 garbage-first heap   total 424960K, used 291389K [0x0000000080000000, 0x0000000100000000)
  region size 1024K, 29 young (29696K), 2 survivors (2048K)
 Metaspace       used 109084K, capacity 111924K, committed 112256K, reserved 1146880K
  class space    used 13715K, capacity 14815K, committed 14976K, reserved 1048576K
}
Event: 76.630 GC heap after
{Heap after GC invocations=49 (full 0):
 garbage-first heap   total 424960K, used 269597K [0x0000000080000000, 0x0000000100000000)
  region size 1024K, 4 young (4096K), 4 survivors (4096K)
 Metaspace       used 109084K, capacity 111924K, committed 112256K, reserved 1146880K
  class space    used 13715K, capacity 14815K, committed 14976K, reserved 1048576K
}
Event: 77.118 GC heap before
{Heap before GC invocations=50 (full 0):
 garbage-first heap   total 424960K, used 308509K [0x0000000080000000, 0x0000000100000000)
  region size 1024K, 43 young (44032K), 4 survivors (4096K)
 Metaspace       used 109096K, capacity 111933K, committed 112256K, reserved 1146880K
  class space    used 13717K, capacity 14818K, committed 14976K, reserved 1048576K
}
Event: 77.126 GC heap after
{Heap after GC invocations=51 (full 0):
 garbage-first heap   total 424960K, used 269167K [0x0000000080000000, 0x0000000100000000)
  region size 1024K, 4 young (4096K), 4 survivors (4096K)
 Metaspace       used 109096K, capacity 111933K, committed 112256K, reserved 1146880K
  class space    used 13717K, capacity 14818K, committed 14976K, reserved 1048576K
}
Event: 77.277 GC heap before
{Heap before GC invocations=51 (full 0):
 garbage-first heap   total 424960K, used 284527K [0x0000000080000000, 0x0000000100000000)
  region size 1024K, 20 young (20480K), 4 survivors (4096K)
 Metaspace       used 109096K, capacity 111933K, committed 112256K, reserved 1146880K
  class space    used 13717K, capacity 14818K, committed 14976K, reserved 1048576K
}
Event: 77.284 GC heap after
{Heap after GC invocations=52 (full 0):
 garbage-first heap   total 424960K, used 258461K [0x0000000080000000, 0x0000000100000000)
  region size 1024K, 2 young (2048K), 2 survivors (2048K)
 Metaspace       used 109096K, capacity 111933K, committed 112256K, reserved 1146880K
  class space    used 13717K, capacity 14818K, committed 14976K, reserved 1048576K
}
Event: 82.816 GC heap before
{Heap before GC invocations=52 (full 0):
 garbage-first heap   total 424960K, used 307613K [0x0000000080000000, 0x0000000100000000)
  region size 1024K, 51 young (52224K), 2 survivors (2048K)
 Metaspace       used 109209K, capacity 112076K, committed 112512K, reserved 1146880K
  class space    used 13726K, capacity 14822K, committed 14976K, reserved 1048576K
}

