# JRE version: OpenJDK Runtime Environment (17.0.6) (build 17.0.6+0-b2043.56-10027231)
# Java VM: OpenJDK 64-Bit Server VM (17.0.6+0-b2043.56-10027231, mixed mode, tiered, compressed oops, compressed class ptrs, g1 gc, windows-amd64)
GC Precious Log:
 CPUs: 8 total, 8 available
 Memory: 16190M
 Large Page Support: Disabled
 NUMA Support: Disabled
 Compressed Oops: Enabled (32-bit)
 Heap Region Size: 1M
 Heap Min Capacity: 8M
 Heap Initial Capacity: 254M
 Heap Max Capacity: 2G
 Pre-touch: Disabled
 Parallel Workers: 8
 Concurrent Workers: 2
 Concurrent Refinement Workers: 8
 Periodic GC: Disabled
Heap:
 garbage-first heap   total 411648K, used 373545K [0x0000000080000000, 0x0000000100000000)
  region size 1024K, 3 young (3072K), 3 survivors (3072K)
 Metaspace       used 135930K, committed 137024K, reserved 1171456K
  class space    used 17699K, committed 18240K, reserved 1048576K
GC Heap History (20 events):
Event: 57.275 GC heap after
{Heap after GC invocations=63 (full 0):
 garbage-first heap   total 410624K, used 270973K [0x0000000080000000, 0x0000000100000000)
  region size 1024K, 11 young (11264K), 11 survivors (11264K)
 Metaspace       used 127631K, committed 128640K, reserved 1163264K
  class space    used 16617K, committed 17088K, reserved 1048576K
}
Event: 57.820 GC heap before
{Heap before GC invocations=63 (full 0):
 garbage-first heap   total 410624K, used 352893K [0x0000000080000000, 0x0000000100000000)
  region size 1024K, 88 young (90112K), 11 survivors (11264K)
 Metaspace       used 127864K, committed 128896K, reserved 1163264K
  class space    used 16629K, committed 17152K, reserved 1048576K
}
Event: 57.831 GC heap after
{Heap after GC invocations=64 (full 0):
 garbage-first heap   total 410624K, used 277684K [0x0000000080000000, 0x0000000100000000)
  region size 1024K, 4 young (4096K), 4 survivors (4096K)
 Metaspace       used 127864K, committed 128896K, reserved 1163264K
  class space    used 16629K, committed 17152K, reserved 1048576K
}
Event: 58.137 GC heap before
{Heap before GC invocations=64 (full 0):
 garbage-first heap   total 410624K, used 353460K [0x0000000080000000, 0x0000000100000000)
  region size 1024K, 77 young (78848K), 4 survivors (4096K)
 Metaspace       used 128305K, committed 129280K, reserved 1163264K
  class space    used 16683K, committed 17152K, reserved 1048576K
}
Event: 58.144 GC heap after
{Heap after GC invocations=65 (full 0):
 garbage-first heap   total 410624K, used 283148K [0x0000000080000000, 0x0000000100000000)
  region size 1024K, 7 young (7168K), 7 survivors (7168K)
 Metaspace       used 128305K, committed 129280K, reserved 1163264K
  class space    used 16683K, committed 17152K, reserved 1048576K
}
Event: 58.403 GC heap before
{Heap before GC invocations=65 (full 0):
 garbage-first heap   total 410624K, used 352780K [0x0000000080000000, 0x0000000100000000)
  region size 1024K, 76 young (77824K), 7 survivors (7168K)
 Metaspace       used 128987K, committed 129984K, reserved 1163264K
  class space    used 16735K, committed 17216K, reserved 1048576K
}
Event: 58.410 GC heap after
{Heap after GC invocations=66 (full 0):
 garbage-first heap   total 410624K, used 287302K [0x0000000080000000, 0x0000000100000000)
  region size 1024K, 8 young (8192K), 8 survivors (8192K)
 Metaspace       used 128987K, committed 129984K, reserved 1163264K
  class space    used 16735K, committed 17216K, reserved 1048576K
}
Event: 58.507 GC heap before
{Heap before GC invocations=66 (full 0):
 garbage-first heap   total 410624K, used 354886K [0x0000000080000000, 0x0000000100000000)
  region size 1024K, 74 young (75776K), 8 survivors (8192K)
 Metaspace       used 129001K, committed 129984K, reserved 1163264K
  class space    used 16736K, committed 17216K, reserved 1048576K
}
Event: 58.513 GC heap after
{Heap after GC invocations=67 (full 0):
 garbage-first heap   total 410624K, used 290038K [0x0000000080000000, 0x0000000100000000)
  region size 1024K, 7 young (7168K), 7 survivors (7168K)
 Metaspace       used 129001K, committed 129984K, reserved 1163264K
  class space    used 16736K, committed 17216K, reserved 1048576K
}
Event: 58.619 GC heap before
{Heap before GC invocations=67 (full 0):
 garbage-first heap   total 410624K, used 356598K [0x0000000080000000, 0x0000000100000000)
  region size 1024K, 71 young (72704K), 7 survivors (7168K)
 Metaspace       used 129089K, committed 130048K, reserved 1163264K
  class space    used 16750K, committed 17216K, reserved 1048576K
}
Event: 58.623 GC heap after
{Heap after GC invocations=68 (full 0):
 garbage-first heap   total 410624K, used 292958K [0x0000000080000000, 0x0000000100000000)
  region size 1024K, 5 young (5120K), 5 survivors (5120K)
 Metaspace       used 129089K, committed 130048K, reserved 1163264K
  class space    used 16750K, committed 17216K, reserved 1048576K
}
Event: 60.090 GC heap before
{Heap before GC invocations=68 (full 0):
 garbage-first heap   total 410624K, used 366686K [0x0000000080000000, 0x0000000100000000)
  region size 1024K, 68 young (69632K), 5 survivors (5120K)
 Metaspace       used 132826K, committed 133888K, reserved 1171456K
  class space    used 17255K, committed 17792K, reserved 1048576K
}
Event: 60.097 GC heap after
{Heap after GC invocations=69 (full 0):
 garbage-first heap   total 410624K, used 312372K [0x0000000080000000, 0x0000000100000000)
  region size 1024K, 9 young (9216K), 9 survivors (9216K)
 Metaspace       used 132826K, committed 133888K, reserved 1171456K
  class space    used 17255K, committed 17792K, reserved 1048576K
}
Event: 61.383 GC heap before
{Heap before GC invocations=69 (full 0):
 garbage-first heap   total 410624K, used 375860K [0x0000000080000000, 0x0000000100000000)
  region size 1024K, 46 young (47104K), 9 survivors (9216K)
 Metaspace       used 135923K, committed 137024K, reserved 1171456K
  class space    used 17699K, committed 18240K, reserved 1048576K
}
Event: 61.390 GC heap after
{Heap after GC invocations=70 (full 0):
 garbage-first heap   total 410624K, used 336896K [0x0000000080000000, 0x0000000100000000)
  region size 1024K, 7 young (7168K), 7 survivors (7168K)
 Metaspace       used 135923K, committed 137024K, reserved 1171456K
  class space    used 17699K, committed 18240K, reserved 1048576K
}
Event: 61.412 GC heap before
{Heap before GC invocations=70 (full 0):
 garbage-first heap   total 410624K, used 379904K [0x0000000080000000, 0x0000000100000000)
  region size 1024K, 27 young (27648K), 7 survivors (7168K)
 Metaspace       used 135930K, committed 137024K, reserved 1171456K
  class space    used 17699K, committed 18240K, reserved 1048576K
}
Event: 61.415 GC heap after
{Heap after GC invocations=71 (full 0):
 garbage-first heap   total 410624K, used 356245K [0x0000000080000000, 0x0000000100000000)
  region size 1024K, 4 young (4096K), 4 survivors (4096K)
 Metaspace       used 135930K, committed 137024K, reserved 1171456K
  class space    used 17699K, committed 18240K, reserved 1048576K
}
Event: 61.417 GC heap before
{Heap before GC invocations=71 (full 0):
 garbage-first heap   total 410624K, used 358293K [0x0000000080000000, 0x0000000100000000)
  region size 1024K, 4 young (4096K), 4 survivors (4096K)
 Metaspace       used 135930K, committed 137024K, reserved 1171456K
  class space    used 17699K, committed 18240K, reserved 1048576K
}
Event: 61.420 GC heap after
{Heap after GC invocations=72 (full 0):
 garbage-first heap   total 410624K, used 358053K [0x0000000080000000, 0x0000000100000000)
  region size 1024K, 0 young (0K), 0 survivors (0K)
 Metaspace       used 135930K, committed 137024K, reserved 1171456K
  class space    used 17699K, committed 18240K, reserved 1048576K
}
Event: 61.466 GC heap before
{Heap before GC invocations=72 (full 0):
 garbage-first heap   total 410624K, used 403109K [0x0000000080000000, 0x0000000100000000)
  region size 1024K, 15 young (15360K), 0 survivors (0K)
 Metaspace       used 135930K, committed 137024K, reserved 1171456K
  class space    used 17699K, committed 18240K, reserved 1048576K
}

