# JRE version: OpenJDK Runtime Environment (17.0.6) (build 17.0.6+0-b2043.56-10027231)
# Java VM: OpenJDK 64-Bit Server VM (17.0.6+0-b2043.56-10027231, mixed mode, tiered, compressed oops, compressed class ptrs, g1 gc, windows-amd64)
GC Precious Log:
 CPUs: 8 total, 8 available
 Memory: 16190M
 Large Page Support: Disabled
 NUMA Support: Disabled
 Compressed Oops: Enabled (32-bit)
 Heap Region Size: 1M
 Heap Min Capacity: 8M
 Heap Initial Capacity: 254M
 Heap Max Capacity: 2G
 Pre-touch: Disabled
 Parallel Workers: 8
 Concurrent Workers: 2
 Concurrent Refinement Workers: 8
 Periodic GC: Disabled
Heap:
 garbage-first heap   total 501760K, used 370058K [0x0000000080000000, 0x0000000100000000)
  region size 1024K, 24 young (24576K), 12 survivors (12288K)
 Metaspace       used 150463K, committed 151360K, reserved 1187840K
  class space    used 19181K, committed 19648K, reserved 1048576K
GC Heap History (20 events):
Event: 6029.950 GC heap before
{Heap before GC invocations=69 (full 0):
 garbage-first heap   total 501760K, used 354304K [0x0000000080000000, 0x0000000100000000)
  region size 1024K, 162 young (165888K), 6 survivors (6144K)
 Metaspace       used 128359K, committed 129152K, reserved 1163264K
  class space    used 16698K, committed 17088K, reserved 1048576K
}
Event: 6029.957 GC heap after
{Heap after GC invocations=70 (full 0):
 garbage-first heap   total 501760K, used 194329K [0x0000000080000000, 0x0000000100000000)
  region size 1024K, 6 young (6144K), 6 survivors (6144K)
 Metaspace       used 128359K, committed 129152K, reserved 1163264K
  class space    used 16698K, committed 17088K, reserved 1048576K
}
Event: 6031.830 GC heap before
{Heap before GC invocations=70 (full 0):
 garbage-first heap   total 501760K, used 211737K [0x0000000080000000, 0x0000000100000000)
  region size 1024K, 24 young (24576K), 6 survivors (6144K)
 Metaspace       used 129815K, committed 130560K, reserved 1163264K
  class space    used 16916K, committed 17280K, reserved 1048576K
}
Event: 6031.843 GC heap after
{Heap after GC invocations=71 (full 0):
 garbage-first heap   total 501760K, used 188976K [0x0000000080000000, 0x0000000100000000)
  region size 1024K, 2 young (2048K), 2 survivors (2048K)
 Metaspace       used 129815K, committed 130560K, reserved 1163264K
  class space    used 16916K, committed 17280K, reserved 1048576K
}
Event: 6057.853 GC heap before
{Heap before GC invocations=71 (full 0):
 garbage-first heap   total 501760K, used 292400K [0x0000000080000000, 0x0000000100000000)
  region size 1024K, 105 young (107520K), 2 survivors (2048K)
 Metaspace       used 130520K, committed 131264K, reserved 1163264K
  class space    used 17026K, committed 17408K, reserved 1048576K
}
Event: 6057.856 GC heap after
{Heap after GC invocations=72 (full 0):
 garbage-first heap   total 501760K, used 189591K [0x0000000080000000, 0x0000000100000000)
  region size 1024K, 3 young (3072K), 3 survivors (3072K)
 Metaspace       used 130520K, committed 131264K, reserved 1163264K
  class space    used 17026K, committed 17408K, reserved 1048576K
}
Event: 6061.395 GC heap before
{Heap before GC invocations=73 (full 0):
 garbage-first heap   total 501760K, used 435351K [0x0000000080000000, 0x0000000100000000)
  region size 1024K, 231 young (236544K), 3 survivors (3072K)
 Metaspace       used 140210K, committed 140992K, reserved 1171456K
  class space    used 18046K, committed 18432K, reserved 1048576K
}
Event: 6061.420 GC heap after
{Heap after GC invocations=74 (full 0):
 garbage-first heap   total 501760K, used 226289K [0x0000000080000000, 0x0000000100000000)
  region size 1024K, 29 young (29696K), 29 survivors (29696K)
 Metaspace       used 140210K, committed 140992K, reserved 1171456K
  class space    used 18046K, committed 18432K, reserved 1048576K
}
Event: 6061.428 GC heap before
{Heap before GC invocations=74 (full 0):
 garbage-first heap   total 501760K, used 227313K [0x0000000080000000, 0x0000000100000000)
  region size 1024K, 30 young (30720K), 29 survivors (29696K)
 Metaspace       used 140212K, committed 140992K, reserved 1171456K
  class space    used 18046K, committed 18432K, reserved 1048576K
}
Event: 6061.456 GC heap after
{Heap after GC invocations=75 (full 0):
 garbage-first heap   total 501760K, used 226129K [0x0000000080000000, 0x0000000100000000)
  region size 1024K, 3 young (3072K), 3 survivors (3072K)
 Metaspace       used 140212K, committed 140992K, reserved 1171456K
  class space    used 18046K, committed 18432K, reserved 1048576K
}
Event: 6062.438 GC heap before
{Heap before GC invocations=75 (full 0):
 garbage-first heap   total 501760K, used 349009K [0x0000000080000000, 0x0000000100000000)
  region size 1024K, 125 young (128000K), 3 survivors (3072K)
 Metaspace       used 142765K, committed 143552K, reserved 1179648K
  class space    used 18266K, committed 18688K, reserved 1048576K
}
Event: 6062.450 GC heap after
{Heap after GC invocations=76 (full 0):
 garbage-first heap   total 501760K, used 233427K [0x0000000080000000, 0x0000000100000000)
  region size 1024K, 10 young (10240K), 10 survivors (10240K)
 Metaspace       used 142765K, committed 143552K, reserved 1179648K
  class space    used 18266K, committed 18688K, reserved 1048576K
}
Event: 6063.962 GC heap before
{Heap before GC invocations=77 (full 0):
 garbage-first heap   total 501760K, used 405459K [0x0000000080000000, 0x0000000100000000)
  region size 1024K, 170 young (174080K), 10 survivors (10240K)
 Metaspace       used 150361K, committed 151232K, reserved 1187840K
  class space    used 19180K, committed 19648K, reserved 1048576K
}
Event: 6063.998 GC heap after
{Heap after GC invocations=78 (full 0):
 garbage-first heap   total 501760K, used 299008K [0x0000000080000000, 0x0000000100000000)
  region size 1024K, 22 young (22528K), 22 survivors (22528K)
 Metaspace       used 150361K, committed 151232K, reserved 1187840K
  class space    used 19180K, committed 19648K, reserved 1048576K
}
Event: 6064.018 GC heap before
{Heap before GC invocations=78 (full 0):
 garbage-first heap   total 501760K, used 301056K [0x0000000080000000, 0x0000000100000000)
  region size 1024K, 24 young (24576K), 22 survivors (22528K)
 Metaspace       used 150373K, committed 151232K, reserved 1187840K
  class space    used 19180K, committed 19648K, reserved 1048576K
}
Event: 6064.041 GC heap after
{Heap after GC invocations=79 (full 0):
 garbage-first heap   total 501760K, used 300361K [0x0000000080000000, 0x0000000100000000)
  region size 1024K, 3 young (3072K), 3 survivors (3072K)
 Metaspace       used 150373K, committed 151232K, reserved 1187840K
  class space    used 19180K, committed 19648K, reserved 1048576K
}
Event: 6064.477 GC heap before
{Heap before GC invocations=79 (full 0):
 garbage-first heap   total 501760K, used 406857K [0x0000000080000000, 0x0000000100000000)
  region size 1024K, 107 young (109568K), 3 survivors (3072K)
 Metaspace       used 150444K, committed 151296K, reserved 1187840K
  class space    used 19181K, committed 19648K, reserved 1048576K
}
Event: 6064.491 GC heap after
{Heap after GC invocations=80 (full 0):
 garbage-first heap   total 501760K, used 324608K [0x0000000080000000, 0x0000000100000000)
  region size 1024K, 14 young (14336K), 14 survivors (14336K)
 Metaspace       used 150444K, committed 151296K, reserved 1187840K
  class space    used 19181K, committed 19648K, reserved 1048576K
}
Event: 6064.778 GC heap before
{Heap before GC invocations=80 (full 0):
 garbage-first heap   total 501760K, used 405504K [0x0000000080000000, 0x0000000100000000)
  region size 1024K, 93 young (95232K), 14 survivors (14336K)
 Metaspace       used 150463K, committed 151360K, reserved 1187840K
  class space    used 19181K, committed 19648K, reserved 1048576K
}
Event: 6064.803 GC heap after
{Heap after GC invocations=81 (full 0):
 garbage-first heap   total 501760K, used 358794K [0x0000000080000000, 0x0000000100000000)
  region size 1024K, 12 young (12288K), 12 survivors (12288K)
 Metaspace       used 150463K, committed 151360K, reserved 1187840K
  class space    used 19181K, committed 19648K, reserved 1048576K
}

