# JRE version: OpenJDK Runtime Environment (17.0.6) (build 17.0.6+0-b2043.56-10027231)
# Java VM: OpenJDK 64-Bit Server VM (17.0.6+0-b2043.56-10027231, mixed mode, tiered, compressed oops, compressed class ptrs, g1 gc, windows-amd64)
GC Precious Log:
 CPUs: 8 total, 8 available
 Memory: 16190M
 Large Page Support: Disabled
 NUMA Support: Disabled
 Compressed Oops: Enabled (Zero based)
 Heap Region Size: 2M
 Heap Min Capacity: 8M
 Heap Initial Capacity: 254M
 Heap Max Capacity: 4048M
 Pre-touch: Disabled
 Parallel Workers: 8
 Concurrent Workers: 2
 Concurrent Refinement Workers: 8
 Periodic GC: Disabled
Heap:
 garbage-first heap   total 153600K, used 77706K [0x0000000703000000, 0x0000000800000000)
  region size 2048K, 3 young (6144K), 3 survivors (6144K)
 Metaspace       used 62060K, committed 62336K, reserved 1105920K
  class space    used 7324K, committed 7424K, reserved 1048576K
GC Heap History (20 events):
Event: 7.170 GC heap after
{Heap after GC invocations=7 (full 0):
 garbage-first heap   total 40960K, used 19433K [0x0000000703000000, 0x0000000800000000)
  region size 2048K, 2 young (4096K), 2 survivors (4096K)
 Metaspace       used 30528K, committed 30848K, reserved 1081344K
  class space    used 3772K, committed 3904K, reserved 1048576K
}
Event: 7.490 GC heap before
{Heap before GC invocations=7 (full 0):
 garbage-first heap   total 40960K, used 25577K [0x0000000703000000, 0x0000000800000000)
  region size 2048K, 6 young (12288K), 2 survivors (4096K)
 Metaspace       used 31349K, committed 31552K, reserved 1081344K
  class space    used 3917K, committed 4032K, reserved 1048576K
}
Event: 7.502 GC heap after
{Heap after GC invocations=8 (full 0):
 garbage-first heap   total 40960K, used 22217K [0x0000000703000000, 0x0000000800000000)
  region size 2048K, 1 young (2048K), 1 survivors (2048K)
 Metaspace       used 31349K, committed 31552K, reserved 1081344K
  class space    used 3917K, committed 4032K, reserved 1048576K
}
Event: 7.853 GC heap before
{Heap before GC invocations=8 (full 0):
 garbage-first heap   total 40960K, used 30409K [0x0000000703000000, 0x0000000800000000)
  region size 2048K, 5 young (10240K), 1 survivors (2048K)
 Metaspace       used 34054K, committed 34304K, reserved 1081344K
  class space    used 4373K, committed 4480K, reserved 1048576K
}
Event: 7.857 GC heap after
{Heap after GC invocations=9 (full 0):
 garbage-first heap   total 40960K, used 23185K [0x0000000703000000, 0x0000000800000000)
  region size 2048K, 1 young (2048K), 1 survivors (2048K)
 Metaspace       used 34054K, committed 34304K, reserved 1081344K
  class space    used 4373K, committed 4480K, reserved 1048576K
}
Event: 8.059 GC heap before
{Heap before GC invocations=10 (full 0):
 garbage-first heap   total 45056K, used 29329K [0x0000000703000000, 0x0000000800000000)
  region size 2048K, 4 young (8192K), 1 survivors (2048K)
 Metaspace       used 35284K, committed 35520K, reserved 1081344K
  class space    used 4515K, committed 4608K, reserved 1048576K
}
Event: 8.063 GC heap after
{Heap after GC invocations=11 (full 0):
 garbage-first heap   total 45056K, used 23678K [0x0000000703000000, 0x0000000800000000)
  region size 2048K, 1 young (2048K), 1 survivors (2048K)
 Metaspace       used 35284K, committed 35520K, reserved 1081344K
  class space    used 4515K, committed 4608K, reserved 1048576K
}
Event: 8.105 GC heap before
{Heap before GC invocations=11 (full 0):
 garbage-first heap   total 45056K, used 25726K [0x0000000703000000, 0x0000000800000000)
  region size 2048K, 2 young (4096K), 1 survivors (2048K)
 Metaspace       used 35516K, committed 35712K, reserved 1081344K
  class space    used 4542K, committed 4608K, reserved 1048576K
}
Event: 8.112 GC heap after
{Heap after GC invocations=12 (full 0):
 garbage-first heap   total 153600K, used 20877K [0x0000000703000000, 0x0000000800000000)
  region size 2048K, 1 young (2048K), 1 survivors (2048K)
 Metaspace       used 35516K, committed 35712K, reserved 1081344K
  class space    used 4542K, committed 4608K, reserved 1048576K
}
Event: 11.085 GC heap before
{Heap before GC invocations=12 (full 0):
 garbage-first heap   total 153600K, used 104845K [0x0000000703000000, 0x0000000800000000)
  region size 2048K, 41 young (83968K), 1 survivors (2048K)
 Metaspace       used 48472K, committed 48768K, reserved 1097728K
  class space    used 5871K, committed 6016K, reserved 1048576K
}
Event: 11.109 GC heap after
{Heap after GC invocations=13 (full 0):
 garbage-first heap   total 153600K, used 35261K [0x0000000703000000, 0x0000000800000000)
  region size 2048K, 6 young (12288K), 6 survivors (12288K)
 Metaspace       used 48472K, committed 48768K, reserved 1097728K
  class space    used 5871K, committed 6016K, reserved 1048576K
}
Event: 14.251 GC heap before
{Heap before GC invocations=13 (full 0):
 garbage-first heap   total 153600K, used 104893K [0x0000000703000000, 0x0000000800000000)
  region size 2048K, 40 young (81920K), 6 survivors (12288K)
 Metaspace       used 53184K, committed 53440K, reserved 1097728K
  class space    used 6423K, committed 6528K, reserved 1048576K
}
Event: 14.284 GC heap after
{Heap after GC invocations=14 (full 0):
 garbage-first heap   total 153600K, used 47246K [0x0000000703000000, 0x0000000800000000)
  region size 2048K, 5 young (10240K), 5 survivors (10240K)
 Metaspace       used 53184K, committed 53440K, reserved 1097728K
  class space    used 6423K, committed 6528K, reserved 1048576K
}
Event: 17.291 GC heap before
{Heap before GC invocations=14 (full 0):
 garbage-first heap   total 153600K, used 98446K [0x0000000703000000, 0x0000000800000000)
  region size 2048K, 30 young (61440K), 5 survivors (10240K)
 Metaspace       used 57234K, committed 57408K, reserved 1105920K
  class space    used 6886K, committed 6976K, reserved 1048576K
}
Event: 17.326 GC heap after
{Heap after GC invocations=15 (full 0):
 garbage-first heap   total 153600K, used 60734K [0x0000000703000000, 0x0000000800000000)
  region size 2048K, 5 young (10240K), 5 survivors (10240K)
 Metaspace       used 57234K, committed 57408K, reserved 1105920K
  class space    used 6886K, committed 6976K, reserved 1048576K
}
Event: 19.622 GC heap before
{Heap before GC invocations=16 (full 0):
 garbage-first heap   total 153600K, used 107838K [0x0000000703000000, 0x0000000800000000)
  region size 2048K, 29 young (59392K), 5 survivors (10240K)
 Metaspace       used 60573K, committed 60864K, reserved 1105920K
  class space    used 7199K, committed 7296K, reserved 1048576K
}
Event: 19.657 GC heap after
{Heap after GC invocations=17 (full 0):
 garbage-first heap   total 153600K, used 69632K [0x0000000703000000, 0x0000000800000000)
  region size 2048K, 4 young (8192K), 4 survivors (8192K)
 Metaspace       used 60573K, committed 60864K, reserved 1105920K
  class space    used 7199K, committed 7296K, reserved 1048576K
}
Event: 19.749 GC heap before
{Heap before GC invocations=17 (full 0):
 garbage-first heap   total 153600K, used 71680K [0x0000000703000000, 0x0000000800000000)
  region size 2048K, 5 young (10240K), 4 survivors (8192K)
 Metaspace       used 60587K, committed 60864K, reserved 1105920K
  class space    used 7199K, committed 7296K, reserved 1048576K
}
Event: 19.774 GC heap after
{Heap after GC invocations=18 (full 0):
 garbage-first heap   total 153600K, used 71295K [0x0000000703000000, 0x0000000800000000)
  region size 2048K, 1 young (2048K), 1 survivors (2048K)
 Metaspace       used 60587K, committed 60864K, reserved 1105920K
  class space    used 7199K, committed 7296K, reserved 1048576K
}
Event: 21.194 GC heap before
{Heap before GC invocations=18 (full 0):
 garbage-first heap   total 153600K, used 114303K [0x0000000703000000, 0x0000000800000000)
  region size 2048K, 22 young (45056K), 1 survivors (2048K)
 Metaspace       used 62060K, committed 62336K, reserved 1105920K
  class space    used 7324K, committed 7424K, reserved 1048576K
}

